iso.3.6.1.2.1.1.1.0 = STRING: "Linux pit.htb 4.18.0-305.10.2.el8_4.x86_64 #1 SMP Tue Jul 20 17:25:16 UTC 2021 x86_64"
iso.3.6.1.2.1.1.2.0 = OID: iso.3.6.1.4.1.8072.3.2.10
iso.3.6.1.2.1.1.3.0 = Timeticks: (13408640) 1 day, 13:14:46.40
iso.3.6.1.2.1.1.4.0 = STRING: "Root <root@localhost> (configure /etc/snmp/snmp.local.conf)"
iso.3.6.1.2.1.1.5.0 = STRING: "pit.htb"
iso.3.6.1.2.1.1.6.0 = STRING: "Unknown (edit /etc/snmp/snmpd.conf)"
iso.3.6.1.2.1.1.8.0 = Timeticks: (1) 0:00:00.01
iso.3.6.1.2.1.1.9.1.2.1 = OID: iso.3.6.1.6.3.10.3.1.1
iso.3.6.1.2.1.1.9.1.2.2 = OID: iso.3.6.1.6.3.11.3.1.1
iso.3.6.1.2.1.1.9.1.2.3 = OID: iso.3.6.1.6.3.15.2.1.1
iso.3.6.1.2.1.1.9.1.2.4 = OID: iso.3.6.1.6.3.1
iso.3.6.1.2.1.1.9.1.2.5 = OID: iso.3.6.1.6.3.16.2.2.1
iso.3.6.1.2.1.1.9.1.2.6 = OID: iso.3.6.1.2.1.49
iso.3.6.1.2.1.1.9.1.2.7 = OID: iso.3.6.1.2.1.4
iso.3.6.1.2.1.1.9.1.2.8 = OID: iso.3.6.1.2.1.50
iso.3.6.1.2.1.1.9.1.2.9 = OID: iso.3.6.1.6.3.13.3.1.3
iso.3.6.1.2.1.1.9.1.2.10 = OID: iso.3.6.1.2.1.92
iso.3.6.1.2.1.1.9.1.3.1 = STRING: "The SNMP Management Architecture MIB."
iso.3.6.1.2.1.1.9.1.3.2 = STRING: "The MIB for Message Processing and Dispatching."
iso.3.6.1.2.1.1.9.1.3.3 = STRING: "The management information definitions for the SNMP User-based Security Model."
iso.3.6.1.2.1.1.9.1.3.4 = STRING: "The MIB module for SNMPv2 entities"
iso.3.6.1.2.1.1.9.1.3.5 = STRING: "View-based Access Control Model for SNMP."
iso.3.6.1.2.1.1.9.1.3.6 = STRING: "The MIB module for managing TCP implementations"
iso.3.6.1.2.1.1.9.1.3.7 = STRING: "The MIB module for managing IP and ICMP implementations"
iso.3.6.1.2.1.1.9.1.3.8 = STRING: "The MIB module for managing UDP implementations"
iso.3.6.1.2.1.1.9.1.3.9 = STRING: "The MIB modules for managing SNMP Notification, plus filtering."
iso.3.6.1.2.1.1.9.1.3.10 = STRING: "The MIB module for logging SNMP Notifications."
iso.3.6.1.2.1.1.9.1.4.1 = Timeticks: (0) 0:00:00.00
iso.3.6.1.2.1.1.9.1.4.2 = Timeticks: (0) 0:00:00.00
iso.3.6.1.2.1.1.9.1.4.3 = Timeticks: (0) 0:00:00.00
iso.3.6.1.2.1.1.9.1.4.4 = Timeticks: (0) 0:00:00.00
iso.3.6.1.2.1.1.9.1.4.5 = Timeticks: (0) 0:00:00.00
iso.3.6.1.2.1.1.9.1.4.6 = Timeticks: (0) 0:00:00.00
iso.3.6.1.2.1.1.9.1.4.7 = Timeticks: (0) 0:00:00.00
iso.3.6.1.2.1.1.9.1.4.8 = Timeticks: (0) 0:00:00.00
iso.3.6.1.2.1.1.9.1.4.9 = Timeticks: (1) 0:00:00.01
iso.3.6.1.2.1.1.9.1.4.10 = Timeticks: (1) 0:00:00.01
iso.3.6.1.2.1.25.1.1.0 = Timeticks: (13413694) 1 day, 13:15:36.94
iso.3.6.1.2.1.25.4.2.1.1.1 = INTEGER: 1
iso.3.6.1.2.1.25.4.2.1.1.2 = INTEGER: 2
iso.3.6.1.2.1.25.4.2.1.1.3 = INTEGER: 3
iso.3.6.1.2.1.25.4.2.1.1.4 = INTEGER: 4
iso.3.6.1.2.1.25.4.2.1.1.6 = INTEGER: 6
iso.3.6.1.2.1.25.4.2.1.1.9 = INTEGER: 9
iso.3.6.1.2.1.25.4.2.1.1.10 = INTEGER: 10
iso.3.6.1.2.1.25.4.2.1.1.11 = INTEGER: 11
iso.3.6.1.2.1.25.4.2.1.1.12 = INTEGER: 12
iso.3.6.1.2.1.25.4.2.1.1.13 = INTEGER: 13
iso.3.6.1.2.1.25.4.2.1.1.14 = INTEGER: 14
iso.3.6.1.2.1.25.4.2.1.1.15 = INTEGER: 15
iso.3.6.1.2.1.25.4.2.1.1.16 = INTEGER: 16
iso.3.6.1.2.1.25.4.2.1.1.17 = INTEGER: 17
iso.3.6.1.2.1.25.4.2.1.1.18 = INTEGER: 18
iso.3.6.1.2.1.25.4.2.1.1.20 = INTEGER: 20
iso.3.6.1.2.1.25.4.2.1.1.23 = INTEGER: 23
iso.3.6.1.2.1.25.4.2.1.1.24 = INTEGER: 24
iso.3.6.1.2.1.25.4.2.1.1.25 = INTEGER: 25
iso.3.6.1.2.1.25.4.2.1.1.26 = INTEGER: 26
iso.3.6.1.2.1.25.4.2.1.1.27 = INTEGER: 27
iso.3.6.1.2.1.25.4.2.1.1.28 = INTEGER: 28
iso.3.6.1.2.1.25.4.2.1.1.29 = INTEGER: 29
iso.3.6.1.2.1.25.4.2.1.1.30 = INTEGER: 30
iso.3.6.1.2.1.25.4.2.1.1.31 = INTEGER: 31
iso.3.6.1.2.1.25.4.2.1.1.32 = INTEGER: 32
iso.3.6.1.2.1.25.4.2.1.1.33 = INTEGER: 33
iso.3.6.1.2.1.25.4.2.1.1.34 = INTEGER: 34
iso.3.6.1.2.1.25.4.2.1.1.35 = INTEGER: 35
iso.3.6.1.2.1.25.4.2.1.1.36 = INTEGER: 36
iso.3.6.1.2.1.25.4.2.1.1.37 = INTEGER: 37
iso.3.6.1.2.1.25.4.2.1.1.38 = INTEGER: 38
iso.3.6.1.2.1.25.4.2.1.1.39 = INTEGER: 39
iso.3.6.1.2.1.25.4.2.1.1.40 = INTEGER: 40
iso.3.6.1.2.1.25.4.2.1.1.61 = INTEGER: 61
iso.3.6.1.2.1.25.4.2.1.1.155 = INTEGER: 155
iso.3.6.1.2.1.25.4.2.1.1.156 = INTEGER: 156
iso.3.6.1.2.1.25.4.2.1.1.157 = INTEGER: 157
iso.3.6.1.2.1.25.4.2.1.1.158 = INTEGER: 158
iso.3.6.1.2.1.25.4.2.1.1.159 = INTEGER: 159
iso.3.6.1.2.1.25.4.2.1.1.160 = INTEGER: 160
iso.3.6.1.2.1.25.4.2.1.1.161 = INTEGER: 161
iso.3.6.1.2.1.25.4.2.1.1.162 = INTEGER: 162
iso.3.6.1.2.1.25.4.2.1.1.163 = INTEGER: 163
iso.3.6.1.2.1.25.4.2.1.1.164 = INTEGER: 164
iso.3.6.1.2.1.25.4.2.1.1.165 = INTEGER: 165
iso.3.6.1.2.1.25.4.2.1.1.166 = INTEGER: 166
iso.3.6.1.2.1.25.4.2.1.1.167 = INTEGER: 167
iso.3.6.1.2.1.25.4.2.1.1.168 = INTEGER: 168
iso.3.6.1.2.1.25.4.2.1.1.169 = INTEGER: 169
iso.3.6.1.2.1.25.4.2.1.1.170 = INTEGER: 170
iso.3.6.1.2.1.25.4.2.1.1.171 = INTEGER: 171
iso.3.6.1.2.1.25.4.2.1.1.172 = INTEGER: 172
iso.3.6.1.2.1.25.4.2.1.1.173 = INTEGER: 173
iso.3.6.1.2.1.25.4.2.1.1.174 = INTEGER: 174
iso.3.6.1.2.1.25.4.2.1.1.175 = INTEGER: 175
iso.3.6.1.2.1.25.4.2.1.1.176 = INTEGER: 176
iso.3.6.1.2.1.25.4.2.1.1.177 = INTEGER: 177
iso.3.6.1.2.1.25.4.2.1.1.178 = INTEGER: 178
iso.3.6.1.2.1.25.4.2.1.1.179 = INTEGER: 179
iso.3.6.1.2.1.25.4.2.1.1.180 = INTEGER: 180
iso.3.6.1.2.1.25.4.2.1.1.181 = INTEGER: 181
iso.3.6.1.2.1.25.4.2.1.1.182 = INTEGER: 182
iso.3.6.1.2.1.25.4.2.1.1.183 = INTEGER: 183
iso.3.6.1.2.1.25.4.2.1.1.184 = INTEGER: 184
iso.3.6.1.2.1.25.4.2.1.1.185 = INTEGER: 185
iso.3.6.1.2.1.25.4.2.1.1.186 = INTEGER: 186
iso.3.6.1.2.1.25.4.2.1.1.187 = INTEGER: 187
iso.3.6.1.2.1.25.4.2.1.1.188 = INTEGER: 188
iso.3.6.1.2.1.25.4.2.1.1.189 = INTEGER: 189
iso.3.6.1.2.1.25.4.2.1.1.190 = INTEGER: 190
iso.3.6.1.2.1.25.4.2.1.1.192 = INTEGER: 192
iso.3.6.1.2.1.25.4.2.1.1.193 = INTEGER: 193
iso.3.6.1.2.1.25.4.2.1.1.194 = INTEGER: 194
iso.3.6.1.2.1.25.4.2.1.1.508 = INTEGER: 508
iso.3.6.1.2.1.25.4.2.1.1.509 = INTEGER: 509
iso.3.6.1.2.1.25.4.2.1.1.510 = INTEGER: 510
iso.3.6.1.2.1.25.4.2.1.1.511 = INTEGER: 511
iso.3.6.1.2.1.25.4.2.1.1.512 = INTEGER: 512
iso.3.6.1.2.1.25.4.2.1.1.516 = INTEGER: 516
iso.3.6.1.2.1.25.4.2.1.1.517 = INTEGER: 517
iso.3.6.1.2.1.25.4.2.1.1.518 = INTEGER: 518
iso.3.6.1.2.1.25.4.2.1.1.519 = INTEGER: 519
iso.3.6.1.2.1.25.4.2.1.1.520 = INTEGER: 520
iso.3.6.1.2.1.25.4.2.1.1.521 = INTEGER: 521
iso.3.6.1.2.1.25.4.2.1.1.522 = INTEGER: 522
iso.3.6.1.2.1.25.4.2.1.1.523 = INTEGER: 523
iso.3.6.1.2.1.25.4.2.1.1.524 = INTEGER: 524
iso.3.6.1.2.1.25.4.2.1.1.525 = INTEGER: 525
iso.3.6.1.2.1.25.4.2.1.1.526 = INTEGER: 526
iso.3.6.1.2.1.25.4.2.1.1.527 = INTEGER: 527
iso.3.6.1.2.1.25.4.2.1.1.528 = INTEGER: 528
iso.3.6.1.2.1.25.4.2.1.1.529 = INTEGER: 529
iso.3.6.1.2.1.25.4.2.1.1.531 = INTEGER: 531
iso.3.6.1.2.1.25.4.2.1.1.532 = INTEGER: 532
iso.3.6.1.2.1.25.4.2.1.1.534 = INTEGER: 534
iso.3.6.1.2.1.25.4.2.1.1.535 = INTEGER: 535
iso.3.6.1.2.1.25.4.2.1.1.536 = INTEGER: 536
iso.3.6.1.2.1.25.4.2.1.1.537 = INTEGER: 537
iso.3.6.1.2.1.25.4.2.1.1.538 = INTEGER: 538
iso.3.6.1.2.1.25.4.2.1.1.539 = INTEGER: 539
iso.3.6.1.2.1.25.4.2.1.1.540 = INTEGER: 540
iso.3.6.1.2.1.25.4.2.1.1.541 = INTEGER: 541
iso.3.6.1.2.1.25.4.2.1.1.542 = INTEGER: 542
iso.3.6.1.2.1.25.4.2.1.1.544 = INTEGER: 544
iso.3.6.1.2.1.25.4.2.1.1.545 = INTEGER: 545
iso.3.6.1.2.1.25.4.2.1.1.547 = INTEGER: 547
iso.3.6.1.2.1.25.4.2.1.1.548 = INTEGER: 548
iso.3.6.1.2.1.25.4.2.1.1.549 = INTEGER: 549
iso.3.6.1.2.1.25.4.2.1.1.550 = INTEGER: 550
iso.3.6.1.2.1.25.4.2.1.1.551 = INTEGER: 551
iso.3.6.1.2.1.25.4.2.1.1.552 = INTEGER: 552
iso.3.6.1.2.1.25.4.2.1.1.553 = INTEGER: 553
iso.3.6.1.2.1.25.4.2.1.1.554 = INTEGER: 554
iso.3.6.1.2.1.25.4.2.1.1.555 = INTEGER: 555
iso.3.6.1.2.1.25.4.2.1.1.556 = INTEGER: 556
iso.3.6.1.2.1.25.4.2.1.1.558 = INTEGER: 558
iso.3.6.1.2.1.25.4.2.1.1.559 = INTEGER: 559
iso.3.6.1.2.1.25.4.2.1.1.561 = INTEGER: 561
iso.3.6.1.2.1.25.4.2.1.1.562 = INTEGER: 562
iso.3.6.1.2.1.25.4.2.1.1.563 = INTEGER: 563
iso.3.6.1.2.1.25.4.2.1.1.564 = INTEGER: 564
iso.3.6.1.2.1.25.4.2.1.1.565 = INTEGER: 565
iso.3.6.1.2.1.25.4.2.1.1.566 = INTEGER: 566
iso.3.6.1.2.1.25.4.2.1.1.567 = INTEGER: 567
iso.3.6.1.2.1.25.4.2.1.1.568 = INTEGER: 568
iso.3.6.1.2.1.25.4.2.1.1.569 = INTEGER: 569
iso.3.6.1.2.1.25.4.2.1.1.570 = INTEGER: 570
iso.3.6.1.2.1.25.4.2.1.1.571 = INTEGER: 571
iso.3.6.1.2.1.25.4.2.1.1.572 = INTEGER: 572
iso.3.6.1.2.1.25.4.2.1.1.573 = INTEGER: 573
iso.3.6.1.2.1.25.4.2.1.1.574 = INTEGER: 574
iso.3.6.1.2.1.25.4.2.1.1.575 = INTEGER: 575
iso.3.6.1.2.1.25.4.2.1.1.576 = INTEGER: 576
iso.3.6.1.2.1.25.4.2.1.1.577 = INTEGER: 577
iso.3.6.1.2.1.25.4.2.1.1.578 = INTEGER: 578
iso.3.6.1.2.1.25.4.2.1.1.579 = INTEGER: 579
iso.3.6.1.2.1.25.4.2.1.1.580 = INTEGER: 580
iso.3.6.1.2.1.25.4.2.1.1.581 = INTEGER: 581
iso.3.6.1.2.1.25.4.2.1.1.592 = INTEGER: 592
iso.3.6.1.2.1.25.4.2.1.1.596 = INTEGER: 596
iso.3.6.1.2.1.25.4.2.1.1.605 = INTEGER: 605
iso.3.6.1.2.1.25.4.2.1.1.606 = INTEGER: 606
iso.3.6.1.2.1.25.4.2.1.1.608 = INTEGER: 608
iso.3.6.1.2.1.25.4.2.1.1.610 = INTEGER: 610
iso.3.6.1.2.1.25.4.2.1.1.612 = INTEGER: 612
iso.3.6.1.2.1.25.4.2.1.1.614 = INTEGER: 614
iso.3.6.1.2.1.25.4.2.1.1.615 = INTEGER: 615
iso.3.6.1.2.1.25.4.2.1.1.617 = INTEGER: 617
iso.3.6.1.2.1.25.4.2.1.1.619 = INTEGER: 619
iso.3.6.1.2.1.25.4.2.1.1.620 = INTEGER: 620
iso.3.6.1.2.1.25.4.2.1.1.626 = INTEGER: 626
iso.3.6.1.2.1.25.4.2.1.1.627 = INTEGER: 627
iso.3.6.1.2.1.25.4.2.1.1.682 = INTEGER: 682
iso.3.6.1.2.1.25.4.2.1.1.691 = INTEGER: 691
iso.3.6.1.2.1.25.4.2.1.1.716 = INTEGER: 716
iso.3.6.1.2.1.25.4.2.1.1.717 = INTEGER: 717
iso.3.6.1.2.1.25.4.2.1.1.718 = INTEGER: 718
iso.3.6.1.2.1.25.4.2.1.1.719 = INTEGER: 719
iso.3.6.1.2.1.25.4.2.1.1.720 = INTEGER: 720
iso.3.6.1.2.1.25.4.2.1.1.721 = INTEGER: 721
iso.3.6.1.2.1.25.4.2.1.1.722 = INTEGER: 722
iso.3.6.1.2.1.25.4.2.1.1.723 = INTEGER: 723
iso.3.6.1.2.1.25.4.2.1.1.724 = INTEGER: 724
iso.3.6.1.2.1.25.4.2.1.1.820 = INTEGER: 820
iso.3.6.1.2.1.25.4.2.1.1.854 = INTEGER: 854
iso.3.6.1.2.1.25.4.2.1.1.924 = INTEGER: 924
iso.3.6.1.2.1.25.4.2.1.1.941 = INTEGER: 941
iso.3.6.1.2.1.25.4.2.1.1.942 = INTEGER: 942
iso.3.6.1.2.1.25.4.2.1.1.943 = INTEGER: 943
iso.3.6.1.2.1.25.4.2.1.1.944 = INTEGER: 944
iso.3.6.1.2.1.25.4.2.1.1.945 = INTEGER: 945
iso.3.6.1.2.1.25.4.2.1.1.946 = INTEGER: 946
iso.3.6.1.2.1.25.4.2.1.1.947 = INTEGER: 947
iso.3.6.1.2.1.25.4.2.1.1.948 = INTEGER: 948
iso.3.6.1.2.1.25.4.2.1.1.949 = INTEGER: 949
iso.3.6.1.2.1.25.4.2.1.1.973 = INTEGER: 973
iso.3.6.1.2.1.25.4.2.1.1.975 = INTEGER: 975
iso.3.6.1.2.1.25.4.2.1.1.1008 = INTEGER: 1008
iso.3.6.1.2.1.25.4.2.1.1.1009 = INTEGER: 1009
iso.3.6.1.2.1.25.4.2.1.1.1010 = INTEGER: 1010
iso.3.6.1.2.1.25.4.2.1.1.1011 = INTEGER: 1011
iso.3.6.1.2.1.25.4.2.1.1.1012 = INTEGER: 1012
iso.3.6.1.2.1.25.4.2.1.1.1016 = INTEGER: 1016
iso.3.6.1.2.1.25.4.2.1.1.1019 = INTEGER: 1019
iso.3.6.1.2.1.25.4.2.1.1.1023 = INTEGER: 1023
iso.3.6.1.2.1.25.4.2.1.1.1046 = INTEGER: 1046
iso.3.6.1.2.1.25.4.2.1.1.1047 = INTEGER: 1047
iso.3.6.1.2.1.25.4.2.1.1.1084 = INTEGER: 1084
iso.3.6.1.2.1.25.4.2.1.1.1085 = INTEGER: 1085
iso.3.6.1.2.1.25.4.2.1.1.1086 = INTEGER: 1086
iso.3.6.1.2.1.25.4.2.1.1.1097 = INTEGER: 1097
iso.3.6.1.2.1.25.4.2.1.1.1098 = INTEGER: 1098
iso.3.6.1.2.1.25.4.2.1.1.1116 = INTEGER: 1116
iso.3.6.1.2.1.25.4.2.1.1.1131 = INTEGER: 1131
iso.3.6.1.2.1.25.4.2.1.1.1193 = INTEGER: 1193
iso.3.6.1.2.1.25.4.2.1.1.1210 = INTEGER: 1210
iso.3.6.1.2.1.25.4.2.1.1.1211 = INTEGER: 1211
iso.3.6.1.2.1.25.4.2.1.1.1212 = INTEGER: 1212
iso.3.6.1.2.1.25.4.2.1.1.1479 = INTEGER: 1479
iso.3.6.1.2.1.25.4.2.1.1.1480 = INTEGER: 1480
iso.3.6.1.2.1.25.4.2.1.1.5171 = INTEGER: 5171
iso.3.6.1.2.1.25.4.2.1.1.5207 = INTEGER: 5207
iso.3.6.1.2.1.25.4.2.1.1.21935 = INTEGER: 21935
iso.3.6.1.2.1.25.4.2.1.1.22048 = INTEGER: 22048
iso.3.6.1.2.1.25.4.2.1.1.22481 = INTEGER: 22481
iso.3.6.1.2.1.25.4.2.1.1.22560 = INTEGER: 22560
iso.3.6.1.2.1.25.4.2.1.1.22607 = INTEGER: 22607
iso.3.6.1.2.1.25.4.2.1.1.22608 = INTEGER: 22608
iso.3.6.1.2.1.25.4.2.1.1.22660 = INTEGER: 22660
iso.3.6.1.2.1.25.4.2.1.1.22691 = INTEGER: 22691
iso.3.6.1.2.1.25.4.2.1.1.22740 = INTEGER: 22740
iso.3.6.1.2.1.25.4.2.1.1.22756 = INTEGER: 22756
iso.3.6.1.2.1.25.4.2.1.1.22757 = INTEGER: 22757
iso.3.6.1.2.1.25.4.2.1.1.22758 = INTEGER: 22758
iso.3.6.1.2.1.25.4.2.1.1.22759 = INTEGER: 22759
iso.3.6.1.2.1.25.4.2.1.1.22760 = INTEGER: 22760
iso.3.6.1.2.1.25.4.2.1.1.22761 = INTEGER: 22761
iso.3.6.1.2.1.25.4.2.1.1.22766 = INTEGER: 22766
iso.3.6.1.2.1.25.4.2.1.1.22771 = INTEGER: 22771
iso.3.6.1.2.1.25.4.2.1.2.1 = STRING: "systemd"
iso.3.6.1.2.1.25.4.2.1.2.2 = STRING: "kthreadd"
iso.3.6.1.2.1.25.4.2.1.2.3 = STRING: "rcu_gp"
iso.3.6.1.2.1.25.4.2.1.2.4 = STRING: "rcu_par_gp"
iso.3.6.1.2.1.25.4.2.1.2.6 = STRING: "kworker/0:0H-events_highpri"
iso.3.6.1.2.1.25.4.2.1.2.9 = STRING: "mm_percpu_wq"
iso.3.6.1.2.1.25.4.2.1.2.10 = STRING: "ksoftirqd/0"
iso.3.6.1.2.1.25.4.2.1.2.11 = STRING: "rcu_sched"
iso.3.6.1.2.1.25.4.2.1.2.12 = STRING: "migration/0"
iso.3.6.1.2.1.25.4.2.1.2.13 = STRING: "watchdog/0"
iso.3.6.1.2.1.25.4.2.1.2.14 = STRING: "cpuhp/0"
iso.3.6.1.2.1.25.4.2.1.2.15 = STRING: "cpuhp/1"
iso.3.6.1.2.1.25.4.2.1.2.16 = STRING: "watchdog/1"
iso.3.6.1.2.1.25.4.2.1.2.17 = STRING: "migration/1"
iso.3.6.1.2.1.25.4.2.1.2.18 = STRING: "ksoftirqd/1"
iso.3.6.1.2.1.25.4.2.1.2.20 = STRING: "kworker/1:0H-events_highpri"
iso.3.6.1.2.1.25.4.2.1.2.23 = STRING: "kdevtmpfs"
iso.3.6.1.2.1.25.4.2.1.2.24 = STRING: "netns"
iso.3.6.1.2.1.25.4.2.1.2.25 = STRING: "kauditd"
iso.3.6.1.2.1.25.4.2.1.2.26 = STRING: "khungtaskd"
iso.3.6.1.2.1.25.4.2.1.2.27 = STRING: "oom_reaper"
iso.3.6.1.2.1.25.4.2.1.2.28 = STRING: "writeback"
iso.3.6.1.2.1.25.4.2.1.2.29 = STRING: "kcompactd0"
iso.3.6.1.2.1.25.4.2.1.2.30 = STRING: "ksmd"
iso.3.6.1.2.1.25.4.2.1.2.31 = STRING: "khugepaged"
iso.3.6.1.2.1.25.4.2.1.2.32 = STRING: "crypto"
iso.3.6.1.2.1.25.4.2.1.2.33 = STRING: "kintegrityd"
iso.3.6.1.2.1.25.4.2.1.2.34 = STRING: "kblockd"
iso.3.6.1.2.1.25.4.2.1.2.35 = STRING: "blkcg_punt_bio"
iso.3.6.1.2.1.25.4.2.1.2.36 = STRING: "tpm_dev_wq"
iso.3.6.1.2.1.25.4.2.1.2.37 = STRING: "md"
iso.3.6.1.2.1.25.4.2.1.2.38 = STRING: "edac-poller"
iso.3.6.1.2.1.25.4.2.1.2.39 = STRING: "watchdogd"
iso.3.6.1.2.1.25.4.2.1.2.40 = STRING: "kworker/0:1H-kblockd"
iso.3.6.1.2.1.25.4.2.1.2.61 = STRING: "kswapd0"
iso.3.6.1.2.1.25.4.2.1.2.155 = STRING: "kthrotld"
iso.3.6.1.2.1.25.4.2.1.2.156 = STRING: "irq/24-pciehp"
iso.3.6.1.2.1.25.4.2.1.2.157 = STRING: "irq/25-pciehp"
iso.3.6.1.2.1.25.4.2.1.2.158 = STRING: "irq/26-pciehp"
iso.3.6.1.2.1.25.4.2.1.2.159 = STRING: "irq/27-pciehp"
iso.3.6.1.2.1.25.4.2.1.2.160 = STRING: "irq/28-pciehp"
iso.3.6.1.2.1.25.4.2.1.2.161 = STRING: "irq/29-pciehp"
iso.3.6.1.2.1.25.4.2.1.2.162 = STRING: "irq/30-pciehp"
iso.3.6.1.2.1.25.4.2.1.2.163 = STRING: "irq/31-pciehp"
iso.3.6.1.2.1.25.4.2.1.2.164 = STRING: "irq/32-pciehp"
iso.3.6.1.2.1.25.4.2.1.2.165 = STRING: "irq/33-pciehp"
iso.3.6.1.2.1.25.4.2.1.2.166 = STRING: "irq/34-pciehp"
iso.3.6.1.2.1.25.4.2.1.2.167 = STRING: "irq/35-pciehp"
iso.3.6.1.2.1.25.4.2.1.2.168 = STRING: "irq/36-pciehp"
iso.3.6.1.2.1.25.4.2.1.2.169 = STRING: "irq/37-pciehp"
iso.3.6.1.2.1.25.4.2.1.2.170 = STRING: "irq/38-pciehp"
iso.3.6.1.2.1.25.4.2.1.2.171 = STRING: "irq/39-pciehp"
iso.3.6.1.2.1.25.4.2.1.2.172 = STRING: "irq/40-pciehp"
iso.3.6.1.2.1.25.4.2.1.2.173 = STRING: "irq/41-pciehp"
iso.3.6.1.2.1.25.4.2.1.2.174 = STRING: "irq/42-pciehp"
iso.3.6.1.2.1.25.4.2.1.2.175 = STRING: "irq/43-pciehp"
iso.3.6.1.2.1.25.4.2.1.2.176 = STRING: "irq/44-pciehp"
iso.3.6.1.2.1.25.4.2.1.2.177 = STRING: "irq/45-pciehp"
iso.3.6.1.2.1.25.4.2.1.2.178 = STRING: "irq/46-pciehp"
iso.3.6.1.2.1.25.4.2.1.2.179 = STRING: "irq/47-pciehp"
iso.3.6.1.2.1.25.4.2.1.2.180 = STRING: "irq/48-pciehp"
iso.3.6.1.2.1.25.4.2.1.2.181 = STRING: "irq/49-pciehp"
iso.3.6.1.2.1.25.4.2.1.2.182 = STRING: "irq/50-pciehp"
iso.3.6.1.2.1.25.4.2.1.2.183 = STRING: "irq/51-pciehp"
iso.3.6.1.2.1.25.4.2.1.2.184 = STRING: "irq/52-pciehp"
iso.3.6.1.2.1.25.4.2.1.2.185 = STRING: "irq/53-pciehp"
iso.3.6.1.2.1.25.4.2.1.2.186 = STRING: "irq/54-pciehp"
iso.3.6.1.2.1.25.4.2.1.2.187 = STRING: "irq/55-pciehp"
iso.3.6.1.2.1.25.4.2.1.2.188 = STRING: "acpi_thermal_pm"
iso.3.6.1.2.1.25.4.2.1.2.189 = STRING: "kmpath_rdacd"
iso.3.6.1.2.1.25.4.2.1.2.190 = STRING: "kaluad"
iso.3.6.1.2.1.25.4.2.1.2.192 = STRING: "kworker/1:1H-kblockd"
iso.3.6.1.2.1.25.4.2.1.2.193 = STRING: "ipv6_addrconf"
iso.3.6.1.2.1.25.4.2.1.2.194 = STRING: "kstrp"
iso.3.6.1.2.1.25.4.2.1.2.508 = STRING: "ata_sff"
iso.3.6.1.2.1.25.4.2.1.2.509 = STRING: "scsi_eh_0"
iso.3.6.1.2.1.25.4.2.1.2.510 = STRING: "scsi_tmf_0"
iso.3.6.1.2.1.25.4.2.1.2.511 = STRING: "scsi_eh_1"
iso.3.6.1.2.1.25.4.2.1.2.512 = STRING: "scsi_tmf_1"
iso.3.6.1.2.1.25.4.2.1.2.516 = STRING: "scsi_eh_2"
iso.3.6.1.2.1.25.4.2.1.2.517 = STRING: "scsi_tmf_2"
iso.3.6.1.2.1.25.4.2.1.2.518 = STRING: "scsi_eh_3"
iso.3.6.1.2.1.25.4.2.1.2.519 = STRING: "scsi_tmf_3"
iso.3.6.1.2.1.25.4.2.1.2.520 = STRING: "scsi_eh_4"
iso.3.6.1.2.1.25.4.2.1.2.521 = STRING: "scsi_tmf_4"
iso.3.6.1.2.1.25.4.2.1.2.522 = STRING: "scsi_eh_5"
iso.3.6.1.2.1.25.4.2.1.2.523 = STRING: "scsi_tmf_5"
iso.3.6.1.2.1.25.4.2.1.2.524 = STRING: "scsi_eh_6"
iso.3.6.1.2.1.25.4.2.1.2.525 = STRING: "scsi_tmf_6"
iso.3.6.1.2.1.25.4.2.1.2.526 = STRING: "scsi_eh_7"
iso.3.6.1.2.1.25.4.2.1.2.527 = STRING: "scsi_tmf_7"
iso.3.6.1.2.1.25.4.2.1.2.528 = STRING: "scsi_eh_8"
iso.3.6.1.2.1.25.4.2.1.2.529 = STRING: "scsi_tmf_8"
iso.3.6.1.2.1.25.4.2.1.2.531 = STRING: "scsi_eh_9"
iso.3.6.1.2.1.25.4.2.1.2.532 = STRING: "scsi_tmf_9"
iso.3.6.1.2.1.25.4.2.1.2.534 = STRING: "scsi_eh_10"
iso.3.6.1.2.1.25.4.2.1.2.535 = STRING: "scsi_tmf_10"
iso.3.6.1.2.1.25.4.2.1.2.536 = STRING: "scsi_eh_11"
iso.3.6.1.2.1.25.4.2.1.2.537 = STRING: "scsi_tmf_11"
iso.3.6.1.2.1.25.4.2.1.2.538 = STRING: "scsi_eh_12"
iso.3.6.1.2.1.25.4.2.1.2.539 = STRING: "scsi_tmf_12"
iso.3.6.1.2.1.25.4.2.1.2.540 = STRING: "scsi_eh_13"
iso.3.6.1.2.1.25.4.2.1.2.541 = STRING: "scsi_tmf_13"
iso.3.6.1.2.1.25.4.2.1.2.542 = STRING: "scsi_eh_14"
iso.3.6.1.2.1.25.4.2.1.2.544 = STRING: "scsi_tmf_14"
iso.3.6.1.2.1.25.4.2.1.2.545 = STRING: "scsi_eh_15"
iso.3.6.1.2.1.25.4.2.1.2.547 = STRING: "scsi_tmf_15"
iso.3.6.1.2.1.25.4.2.1.2.548 = STRING: "scsi_eh_16"
iso.3.6.1.2.1.25.4.2.1.2.549 = STRING: "scsi_tmf_16"
iso.3.6.1.2.1.25.4.2.1.2.550 = STRING: "scsi_eh_17"
iso.3.6.1.2.1.25.4.2.1.2.551 = STRING: "scsi_tmf_17"
iso.3.6.1.2.1.25.4.2.1.2.552 = STRING: "scsi_eh_18"
iso.3.6.1.2.1.25.4.2.1.2.553 = STRING: "scsi_tmf_18"
iso.3.6.1.2.1.25.4.2.1.2.554 = STRING: "scsi_eh_19"
iso.3.6.1.2.1.25.4.2.1.2.555 = STRING: "scsi_tmf_19"
iso.3.6.1.2.1.25.4.2.1.2.556 = STRING: "scsi_eh_20"
iso.3.6.1.2.1.25.4.2.1.2.558 = STRING: "scsi_tmf_20"
iso.3.6.1.2.1.25.4.2.1.2.559 = STRING: "scsi_eh_21"
iso.3.6.1.2.1.25.4.2.1.2.561 = STRING: "scsi_tmf_21"
iso.3.6.1.2.1.25.4.2.1.2.562 = STRING: "scsi_eh_22"
iso.3.6.1.2.1.25.4.2.1.2.563 = STRING: "scsi_tmf_22"
iso.3.6.1.2.1.25.4.2.1.2.564 = STRING: "scsi_eh_23"
iso.3.6.1.2.1.25.4.2.1.2.565 = STRING: "scsi_tmf_23"
iso.3.6.1.2.1.25.4.2.1.2.566 = STRING: "scsi_eh_24"
iso.3.6.1.2.1.25.4.2.1.2.567 = STRING: "scsi_tmf_24"
iso.3.6.1.2.1.25.4.2.1.2.568 = STRING: "scsi_eh_25"
iso.3.6.1.2.1.25.4.2.1.2.569 = STRING: "scsi_tmf_25"
iso.3.6.1.2.1.25.4.2.1.2.570 = STRING: "scsi_eh_26"
iso.3.6.1.2.1.25.4.2.1.2.571 = STRING: "scsi_tmf_26"
iso.3.6.1.2.1.25.4.2.1.2.572 = STRING: "scsi_eh_27"
iso.3.6.1.2.1.25.4.2.1.2.573 = STRING: "scsi_tmf_27"
iso.3.6.1.2.1.25.4.2.1.2.574 = STRING: "scsi_eh_28"
iso.3.6.1.2.1.25.4.2.1.2.575 = STRING: "scsi_tmf_28"
iso.3.6.1.2.1.25.4.2.1.2.576 = STRING: "scsi_eh_29"
iso.3.6.1.2.1.25.4.2.1.2.577 = STRING: "scsi_tmf_29"
iso.3.6.1.2.1.25.4.2.1.2.578 = STRING: "scsi_eh_30"
iso.3.6.1.2.1.25.4.2.1.2.579 = STRING: "scsi_tmf_30"
iso.3.6.1.2.1.25.4.2.1.2.580 = STRING: "scsi_eh_31"
iso.3.6.1.2.1.25.4.2.1.2.581 = STRING: "scsi_tmf_31"
iso.3.6.1.2.1.25.4.2.1.2.592 = STRING: "mpt_poll_0"
iso.3.6.1.2.1.25.4.2.1.2.596 = STRING: "mpt/0"
iso.3.6.1.2.1.25.4.2.1.2.605 = STRING: "irq/16-vmwgfx"
iso.3.6.1.2.1.25.4.2.1.2.606 = STRING: "ttm_swap"
iso.3.6.1.2.1.25.4.2.1.2.608 = STRING: "card0-crtc0"
iso.3.6.1.2.1.25.4.2.1.2.610 = STRING: "card0-crtc1"
iso.3.6.1.2.1.25.4.2.1.2.612 = STRING: "card0-crtc2"
iso.3.6.1.2.1.25.4.2.1.2.614 = STRING: "card0-crtc3"
iso.3.6.1.2.1.25.4.2.1.2.615 = STRING: "card0-crtc4"
iso.3.6.1.2.1.25.4.2.1.2.617 = STRING: "card0-crtc5"
iso.3.6.1.2.1.25.4.2.1.2.619 = STRING: "card0-crtc6"
iso.3.6.1.2.1.25.4.2.1.2.620 = STRING: "card0-crtc7"
iso.3.6.1.2.1.25.4.2.1.2.626 = STRING: "scsi_eh_32"
iso.3.6.1.2.1.25.4.2.1.2.627 = STRING: "scsi_tmf_32"
iso.3.6.1.2.1.25.4.2.1.2.682 = STRING: "kdmflush"
iso.3.6.1.2.1.25.4.2.1.2.691 = STRING: "kdmflush"
iso.3.6.1.2.1.25.4.2.1.2.716 = STRING: "xfsalloc"
iso.3.6.1.2.1.25.4.2.1.2.717 = STRING: "xfs_mru_cache"
iso.3.6.1.2.1.25.4.2.1.2.718 = STRING: "xfs-buf/dm-0"
iso.3.6.1.2.1.25.4.2.1.2.719 = STRING: "xfs-conv/dm-0"
iso.3.6.1.2.1.25.4.2.1.2.720 = STRING: "xfs-cil/dm-0"
iso.3.6.1.2.1.25.4.2.1.2.721 = STRING: "xfs-reclaim/dm-"
iso.3.6.1.2.1.25.4.2.1.2.722 = STRING: "xfs-eofblocks/d"
iso.3.6.1.2.1.25.4.2.1.2.723 = STRING: "xfs-log/dm-0"
iso.3.6.1.2.1.25.4.2.1.2.724 = STRING: "xfsaild/dm-0"
iso.3.6.1.2.1.25.4.2.1.2.820 = STRING: "systemd-journal"
iso.3.6.1.2.1.25.4.2.1.2.854 = STRING: "systemd-udevd"
iso.3.6.1.2.1.25.4.2.1.2.924 = STRING: "kdmflush"
iso.3.6.1.2.1.25.4.2.1.2.941 = STRING: "xfs-buf/dm-2"
iso.3.6.1.2.1.25.4.2.1.2.942 = STRING: "xfs-conv/dm-2"
iso.3.6.1.2.1.25.4.2.1.2.943 = STRING: "xfs-cil/dm-2"
iso.3.6.1.2.1.25.4.2.1.2.944 = STRING: "xfs-reclaim/dm-"
iso.3.6.1.2.1.25.4.2.1.2.945 = STRING: "xfs-eofblocks/d"
iso.3.6.1.2.1.25.4.2.1.2.946 = STRING: "xfs-log/dm-2"
iso.3.6.1.2.1.25.4.2.1.2.947 = STRING: "xfsaild/dm-2"
iso.3.6.1.2.1.25.4.2.1.2.948 = STRING: "jbd2/sda1-8"
iso.3.6.1.2.1.25.4.2.1.2.949 = STRING: "ext4-rsv-conver"
iso.3.6.1.2.1.25.4.2.1.2.973 = STRING: "auditd"
iso.3.6.1.2.1.25.4.2.1.2.975 = STRING: "sedispatch"
iso.3.6.1.2.1.25.4.2.1.2.1008 = STRING: "dbus-daemon"
iso.3.6.1.2.1.25.4.2.1.2.1009 = STRING: "VGAuthService"
iso.3.6.1.2.1.25.4.2.1.2.1010 = STRING: "vmtoolsd"
iso.3.6.1.2.1.25.4.2.1.2.1011 = STRING: "sssd"
iso.3.6.1.2.1.25.4.2.1.2.1012 = STRING: "polkitd"
iso.3.6.1.2.1.25.4.2.1.2.1016 = STRING: "irqbalance"
iso.3.6.1.2.1.25.4.2.1.2.1019 = STRING: "rngd"
iso.3.6.1.2.1.25.4.2.1.2.1023 = STRING: "chronyd"
iso.3.6.1.2.1.25.4.2.1.2.1046 = STRING: "sssd_be"
iso.3.6.1.2.1.25.4.2.1.2.1047 = STRING: "firewalld"
iso.3.6.1.2.1.25.4.2.1.2.1084 = STRING: "sssd_nss"
iso.3.6.1.2.1.25.4.2.1.2.1085 = STRING: "systemd-logind"
iso.3.6.1.2.1.25.4.2.1.2.1086 = STRING: "NetworkManager"
iso.3.6.1.2.1.25.4.2.1.2.1097 = STRING: "sshd"
iso.3.6.1.2.1.25.4.2.1.2.1098 = STRING: "tuned"
iso.3.6.1.2.1.25.4.2.1.2.1116 = STRING: "crond"
iso.3.6.1.2.1.25.4.2.1.2.1131 = STRING: "agetty"
iso.3.6.1.2.1.25.4.2.1.2.1193 = STRING: "mysqld"
iso.3.6.1.2.1.25.4.2.1.2.1210 = STRING: "nginx"
iso.3.6.1.2.1.25.4.2.1.2.1211 = STRING: "nginx"
iso.3.6.1.2.1.25.4.2.1.2.1212 = STRING: "nginx"
iso.3.6.1.2.1.25.4.2.1.2.1479 = STRING: "snmpd"
iso.3.6.1.2.1.25.4.2.1.2.1480 = STRING: "rsyslogd"
iso.3.6.1.2.1.25.4.2.1.2.5171 = STRING: "packagekitd"
iso.3.6.1.2.1.25.4.2.1.2.5207 = STRING: "SetroubleshootF"
iso.3.6.1.2.1.25.4.2.1.2.21935 = STRING: "kworker/u4:2-events_unbound"
iso.3.6.1.2.1.25.4.2.1.2.22048 = STRING: "kworker/0:0-cgroup_pidlist_destroy"
iso.3.6.1.2.1.25.4.2.1.2.22481 = STRING: "kworker/1:0-cgroup_pidlist_destroy"
iso.3.6.1.2.1.25.4.2.1.2.22560 = STRING: "kworker/1:1-events_power_efficient"
iso.3.6.1.2.1.25.4.2.1.2.22607 = STRING: "kworker/0:2-cgroup_destroy"
iso.3.6.1.2.1.25.4.2.1.2.22608 = STRING: "kworker/u4:1-xfs-cil/dm-0"
iso.3.6.1.2.1.25.4.2.1.2.22660 = STRING: "kworker/0:1-events"
iso.3.6.1.2.1.25.4.2.1.2.22691 = STRING: "kworker/1:2-cgroup_destroy"
iso.3.6.1.2.1.25.4.2.1.2.22740 = STRING: "kworker/0:3-events"
iso.3.6.1.2.1.25.4.2.1.2.22756 = STRING: "php-fpm"
iso.3.6.1.2.1.25.4.2.1.2.22757 = STRING: "php-fpm"
iso.3.6.1.2.1.25.4.2.1.2.22758 = STRING: "php-fpm"
iso.3.6.1.2.1.25.4.2.1.2.22759 = STRING: "php-fpm"
iso.3.6.1.2.1.25.4.2.1.2.22760 = STRING: "php-fpm"
iso.3.6.1.2.1.25.4.2.1.2.22766 = STRING: "kworker/1:3-events"
iso.3.6.1.2.1.25.4.2.1.2.22771 = STRING: "kworker/1:4-events"
iso.3.6.1.2.1.25.4.2.1.2.22808 = STRING: "php-fpm"
iso.3.6.1.2.1.25.4.2.1.2.22809 = STRING: "php-fpm"
iso.3.6.1.2.1.25.4.2.1.2.22810 = STRING: "php-fpm"
iso.3.6.1.2.1.25.4.2.1.2.22811 = STRING: "php-fpm"
iso.3.6.1.2.1.25.4.2.1.2.22812 = STRING: "php-fpm"
iso.3.6.1.2.1.25.4.2.1.2.22813 = STRING: "php-fpm"
iso.3.6.1.2.1.25.4.2.1.2.22820 = STRING: "kworker/0:4-events"
iso.3.6.1.2.1.25.4.2.1.3.1 = OID: ccitt.0
iso.3.6.1.2.1.25.4.2.1.3.2 = OID: ccitt.0
iso.3.6.1.2.1.25.4.2.1.3.3 = OID: ccitt.0
iso.3.6.1.2.1.25.4.2.1.3.4 = OID: ccitt.0
iso.3.6.1.2.1.25.4.2.1.3.6 = OID: ccitt.0
iso.3.6.1.2.1.25.4.2.1.3.9 = OID: ccitt.0
iso.3.6.1.2.1.25.4.2.1.3.10 = OID: ccitt.0
iso.3.6.1.2.1.25.4.2.1.3.11 = OID: ccitt.0
iso.3.6.1.2.1.25.4.2.1.3.12 = OID: ccitt.0
iso.3.6.1.2.1.25.4.2.1.3.13 = OID: ccitt.0
iso.3.6.1.2.1.25.4.2.1.3.14 = OID: ccitt.0
iso.3.6.1.2.1.25.4.2.1.3.15 = OID: ccitt.0
iso.3.6.1.2.1.25.4.2.1.3.16 = OID: ccitt.0
iso.3.6.1.2.1.25.4.2.1.3.17 = OID: ccitt.0
iso.3.6.1.2.1.25.4.2.1.3.18 = OID: ccitt.0
iso.3.6.1.2.1.25.4.2.1.3.20 = OID: ccitt.0
iso.3.6.1.2.1.25.4.2.1.3.23 = OID: ccitt.0
iso.3.6.1.2.1.25.4.2.1.3.24 = OID: ccitt.0
iso.3.6.1.2.1.25.4.2.1.3.25 = OID: ccitt.0
iso.3.6.1.2.1.25.4.2.1.3.26 = OID: ccitt.0
iso.3.6.1.2.1.25.4.2.1.3.27 = OID: ccitt.0
iso.3.6.1.2.1.25.4.2.1.3.28 = OID: ccitt.0
iso.3.6.1.2.1.25.4.2.1.3.29 = OID: ccitt.0
iso.3.6.1.2.1.25.4.2.1.3.30 = OID: ccitt.0
iso.3.6.1.2.1.25.4.2.1.3.31 = OID: ccitt.0
iso.3.6.1.2.1.25.4.2.1.3.32 = OID: ccitt.0
iso.3.6.1.2.1.25.4.2.1.3.33 = OID: ccitt.0
iso.3.6.1.2.1.25.4.2.1.3.34 = OID: ccitt.0
iso.3.6.1.2.1.25.4.2.1.3.35 = OID: ccitt.0
iso.3.6.1.2.1.25.4.2.1.3.36 = OID: ccitt.0
iso.3.6.1.2.1.25.4.2.1.3.37 = OID: ccitt.0
iso.3.6.1.2.1.25.4.2.1.3.38 = OID: ccitt.0
iso.3.6.1.2.1.25.4.2.1.3.39 = OID: ccitt.0
iso.3.6.1.2.1.25.4.2.1.3.40 = OID: ccitt.0
iso.3.6.1.2.1.25.4.2.1.3.61 = OID: ccitt.0
iso.3.6.1.2.1.25.4.2.1.3.155 = OID: ccitt.0
iso.3.6.1.2.1.25.4.2.1.3.156 = OID: ccitt.0
iso.3.6.1.2.1.25.4.2.1.3.157 = OID: ccitt.0
iso.3.6.1.2.1.25.4.2.1.3.158 = OID: ccitt.0
iso.3.6.1.2.1.25.4.2.1.3.159 = OID: ccitt.0
iso.3.6.1.2.1.25.4.2.1.3.160 = OID: ccitt.0
iso.3.6.1.2.1.25.4.2.1.3.161 = OID: ccitt.0
iso.3.6.1.2.1.25.4.2.1.3.162 = OID: ccitt.0
iso.3.6.1.2.1.25.4.2.1.3.163 = OID: ccitt.0
iso.3.6.1.2.1.25.4.2.1.3.164 = OID: ccitt.0
iso.3.6.1.2.1.25.4.2.1.3.165 = OID: ccitt.0
iso.3.6.1.2.1.25.4.2.1.3.166 = OID: ccitt.0
iso.3.6.1.2.1.25.4.2.1.3.167 = OID: ccitt.0
iso.3.6.1.2.1.25.4.2.1.3.168 = OID: ccitt.0
iso.3.6.1.2.1.25.4.2.1.3.169 = OID: ccitt.0
iso.3.6.1.2.1.25.4.2.1.3.170 = OID: ccitt.0
iso.3.6.1.2.1.25.4.2.1.3.171 = OID: ccitt.0
iso.3.6.1.2.1.25.4.2.1.3.172 = OID: ccitt.0
iso.3.6.1.2.1.25.4.2.1.3.173 = OID: ccitt.0
iso.3.6.1.2.1.25.4.2.1.3.174 = OID: ccitt.0
iso.3.6.1.2.1.25.4.2.1.3.175 = OID: ccitt.0
iso.3.6.1.2.1.25.4.2.1.3.176 = OID: ccitt.0
iso.3.6.1.2.1.25.4.2.1.3.177 = OID: ccitt.0
iso.3.6.1.2.1.25.4.2.1.3.178 = OID: ccitt.0
iso.3.6.1.2.1.25.4.2.1.3.179 = OID: ccitt.0
iso.3.6.1.2.1.25.4.2.1.3.180 = OID: ccitt.0
iso.3.6.1.2.1.25.4.2.1.3.181 = OID: ccitt.0
iso.3.6.1.2.1.25.4.2.1.3.182 = OID: ccitt.0
iso.3.6.1.2.1.25.4.2.1.3.183 = OID: ccitt.0
iso.3.6.1.2.1.25.4.2.1.3.184 = OID: ccitt.0
iso.3.6.1.2.1.25.4.2.1.3.185 = OID: ccitt.0
iso.3.6.1.2.1.25.4.2.1.3.186 = OID: ccitt.0
iso.3.6.1.2.1.25.4.2.1.3.187 = OID: ccitt.0
iso.3.6.1.2.1.25.4.2.1.3.188 = OID: ccitt.0
iso.3.6.1.2.1.25.4.2.1.3.189 = OID: ccitt.0
iso.3.6.1.2.1.25.4.2.1.3.190 = OID: ccitt.0
iso.3.6.1.2.1.25.4.2.1.3.192 = OID: ccitt.0
iso.3.6.1.2.1.25.4.2.1.3.193 = OID: ccitt.0
iso.3.6.1.2.1.25.4.2.1.3.194 = OID: ccitt.0
iso.3.6.1.2.1.25.4.2.1.3.508 = OID: ccitt.0
iso.3.6.1.2.1.25.4.2.1.3.509 = OID: ccitt.0
iso.3.6.1.2.1.25.4.2.1.3.510 = OID: ccitt.0
iso.3.6.1.2.1.25.4.2.1.3.511 = OID: ccitt.0
iso.3.6.1.2.1.25.4.2.1.3.512 = OID: ccitt.0
iso.3.6.1.2.1.25.4.2.1.3.516 = OID: ccitt.0
iso.3.6.1.2.1.25.4.2.1.3.517 = OID: ccitt.0
iso.3.6.1.2.1.25.4.2.1.3.518 = OID: ccitt.0
iso.3.6.1.2.1.25.4.2.1.3.519 = OID: ccitt.0
iso.3.6.1.2.1.25.4.2.1.3.520 = OID: ccitt.0
iso.3.6.1.2.1.25.4.2.1.3.521 = OID: ccitt.0
iso.3.6.1.2.1.25.4.2.1.3.522 = OID: ccitt.0
iso.3.6.1.2.1.25.4.2.1.3.523 = OID: ccitt.0
iso.3.6.1.2.1.25.4.2.1.3.524 = OID: ccitt.0
iso.3.6.1.2.1.25.4.2.1.3.525 = OID: ccitt.0
iso.3.6.1.2.1.25.4.2.1.3.526 = OID: ccitt.0
iso.3.6.1.2.1.25.4.2.1.3.527 = OID: ccitt.0
iso.3.6.1.2.1.25.4.2.1.3.528 = OID: ccitt.0
iso.3.6.1.2.1.25.4.2.1.3.529 = OID: ccitt.0
iso.3.6.1.2.1.25.4.2.1.3.531 = OID: ccitt.0
iso.3.6.1.2.1.25.4.2.1.3.532 = OID: ccitt.0
iso.3.6.1.2.1.25.4.2.1.3.534 = OID: ccitt.0
iso.3.6.1.2.1.25.4.2.1.3.535 = OID: ccitt.0
iso.3.6.1.2.1.25.4.2.1.3.536 = OID: ccitt.0
iso.3.6.1.2.1.25.4.2.1.3.537 = OID: ccitt.0
iso.3.6.1.2.1.25.4.2.1.3.538 = OID: ccitt.0
iso.3.6.1.2.1.25.4.2.1.3.539 = OID: ccitt.0
iso.3.6.1.2.1.25.4.2.1.3.540 = OID: ccitt.0
iso.3.6.1.2.1.25.4.2.1.3.541 = OID: ccitt.0
iso.3.6.1.2.1.25.4.2.1.3.542 = OID: ccitt.0
iso.3.6.1.2.1.25.4.2.1.3.544 = OID: ccitt.0
iso.3.6.1.2.1.25.4.2.1.3.545 = OID: ccitt.0
iso.3.6.1.2.1.25.4.2.1.3.547 = OID: ccitt.0
iso.3.6.1.2.1.25.4.2.1.3.548 = OID: ccitt.0
iso.3.6.1.2.1.25.4.2.1.3.549 = OID: ccitt.0
iso.3.6.1.2.1.25.4.2.1.3.550 = OID: ccitt.0
iso.3.6.1.2.1.25.4.2.1.3.551 = OID: ccitt.0
iso.3.6.1.2.1.25.4.2.1.3.552 = OID: ccitt.0
iso.3.6.1.2.1.25.4.2.1.3.553 = OID: ccitt.0
iso.3.6.1.2.1.25.4.2.1.3.554 = OID: ccitt.0
iso.3.6.1.2.1.25.4.2.1.3.555 = OID: ccitt.0
iso.3.6.1.2.1.25.4.2.1.3.556 = OID: ccitt.0
iso.3.6.1.2.1.25.4.2.1.3.558 = OID: ccitt.0
iso.3.6.1.2.1.25.4.2.1.3.559 = OID: ccitt.0
iso.3.6.1.2.1.25.4.2.1.3.561 = OID: ccitt.0
iso.3.6.1.2.1.25.4.2.1.3.562 = OID: ccitt.0
iso.3.6.1.2.1.25.4.2.1.3.563 = OID: ccitt.0
iso.3.6.1.2.1.25.4.2.1.3.564 = OID: ccitt.0
iso.3.6.1.2.1.25.4.2.1.3.565 = OID: ccitt.0
iso.3.6.1.2.1.25.4.2.1.3.566 = OID: ccitt.0
iso.3.6.1.2.1.25.4.2.1.3.567 = OID: ccitt.0
iso.3.6.1.2.1.25.4.2.1.3.568 = OID: ccitt.0
iso.3.6.1.2.1.25.4.2.1.3.569 = OID: ccitt.0
iso.3.6.1.2.1.25.4.2.1.3.570 = OID: ccitt.0
iso.3.6.1.2.1.25.4.2.1.3.571 = OID: ccitt.0
iso.3.6.1.2.1.25.4.2.1.3.572 = OID: ccitt.0
iso.3.6.1.2.1.25.4.2.1.3.573 = OID: ccitt.0
iso.3.6.1.2.1.25.4.2.1.3.574 = OID: ccitt.0
iso.3.6.1.2.1.25.4.2.1.3.575 = OID: ccitt.0
iso.3.6.1.2.1.25.4.2.1.3.576 = OID: ccitt.0
iso.3.6.1.2.1.25.4.2.1.3.577 = OID: ccitt.0
iso.3.6.1.2.1.25.4.2.1.3.578 = OID: ccitt.0
iso.3.6.1.2.1.25.4.2.1.3.579 = OID: ccitt.0
iso.3.6.1.2.1.25.4.2.1.3.580 = OID: ccitt.0
iso.3.6.1.2.1.25.4.2.1.3.581 = OID: ccitt.0
iso.3.6.1.2.1.25.4.2.1.3.592 = OID: ccitt.0
iso.3.6.1.2.1.25.4.2.1.3.596 = OID: ccitt.0
iso.3.6.1.2.1.25.4.2.1.3.605 = OID: ccitt.0
iso.3.6.1.2.1.25.4.2.1.3.606 = OID: ccitt.0
iso.3.6.1.2.1.25.4.2.1.3.608 = OID: ccitt.0
iso.3.6.1.2.1.25.4.2.1.3.610 = OID: ccitt.0
iso.3.6.1.2.1.25.4.2.1.3.612 = OID: ccitt.0
iso.3.6.1.2.1.25.4.2.1.3.614 = OID: ccitt.0
iso.3.6.1.2.1.25.4.2.1.3.615 = OID: ccitt.0
iso.3.6.1.2.1.25.4.2.1.3.617 = OID: ccitt.0
iso.3.6.1.2.1.25.4.2.1.3.619 = OID: ccitt.0
iso.3.6.1.2.1.25.4.2.1.3.620 = OID: ccitt.0
iso.3.6.1.2.1.25.4.2.1.3.626 = OID: ccitt.0
iso.3.6.1.2.1.25.4.2.1.3.627 = OID: ccitt.0
iso.3.6.1.2.1.25.4.2.1.3.682 = OID: ccitt.0
iso.3.6.1.2.1.25.4.2.1.3.691 = OID: ccitt.0
iso.3.6.1.2.1.25.4.2.1.3.716 = OID: ccitt.0
iso.3.6.1.2.1.25.4.2.1.3.717 = OID: ccitt.0
iso.3.6.1.2.1.25.4.2.1.3.718 = OID: ccitt.0
iso.3.6.1.2.1.25.4.2.1.3.719 = OID: ccitt.0
iso.3.6.1.2.1.25.4.2.1.3.720 = OID: ccitt.0
iso.3.6.1.2.1.25.4.2.1.3.721 = OID: ccitt.0
iso.3.6.1.2.1.25.4.2.1.3.722 = OID: ccitt.0
iso.3.6.1.2.1.25.4.2.1.3.723 = OID: ccitt.0
iso.3.6.1.2.1.25.4.2.1.3.724 = OID: ccitt.0
iso.3.6.1.2.1.25.4.2.1.3.820 = OID: ccitt.0
iso.3.6.1.2.1.25.4.2.1.3.854 = OID: ccitt.0
iso.3.6.1.2.1.25.4.2.1.3.924 = OID: ccitt.0
iso.3.6.1.2.1.25.4.2.1.3.941 = OID: ccitt.0
iso.3.6.1.2.1.25.4.2.1.3.942 = OID: ccitt.0
iso.3.6.1.2.1.25.4.2.1.3.943 = OID: ccitt.0
iso.3.6.1.2.1.25.4.2.1.3.944 = OID: ccitt.0
iso.3.6.1.2.1.25.4.2.1.3.945 = OID: ccitt.0
iso.3.6.1.2.1.25.4.2.1.3.946 = OID: ccitt.0
iso.3.6.1.2.1.25.4.2.1.3.947 = OID: ccitt.0
iso.3.6.1.2.1.25.4.2.1.3.948 = OID: ccitt.0
iso.3.6.1.2.1.25.4.2.1.3.949 = OID: ccitt.0
iso.3.6.1.2.1.25.4.2.1.3.973 = OID: ccitt.0
iso.3.6.1.2.1.25.4.2.1.3.975 = OID: ccitt.0
iso.3.6.1.2.1.25.4.2.1.3.1008 = OID: ccitt.0
iso.3.6.1.2.1.25.4.2.1.3.1009 = OID: ccitt.0
iso.3.6.1.2.1.25.4.2.1.3.1010 = OID: ccitt.0
iso.3.6.1.2.1.25.4.2.1.3.1011 = OID: ccitt.0
iso.3.6.1.2.1.25.4.2.1.3.1012 = OID: ccitt.0
iso.3.6.1.2.1.25.4.2.1.3.1016 = OID: ccitt.0
iso.3.6.1.2.1.25.4.2.1.3.1019 = OID: ccitt.0
iso.3.6.1.2.1.25.4.2.1.3.1023 = OID: ccitt.0
iso.3.6.1.2.1.25.4.2.1.3.1046 = OID: ccitt.0
iso.3.6.1.2.1.25.4.2.1.3.1047 = OID: ccitt.0
iso.3.6.1.2.1.25.4.2.1.3.1084 = OID: ccitt.0
iso.3.6.1.2.1.25.4.2.1.3.1085 = OID: ccitt.0
iso.3.6.1.2.1.25.4.2.1.3.1086 = OID: ccitt.0
iso.3.6.1.2.1.25.4.2.1.3.1097 = OID: ccitt.0
iso.3.6.1.2.1.25.4.2.1.3.1098 = OID: ccitt.0
iso.3.6.1.2.1.25.4.2.1.3.1116 = OID: ccitt.0
iso.3.6.1.2.1.25.4.2.1.3.1131 = OID: ccitt.0
iso.3.6.1.2.1.25.4.2.1.3.1193 = OID: ccitt.0
iso.3.6.1.2.1.25.4.2.1.3.1210 = OID: ccitt.0
iso.3.6.1.2.1.25.4.2.1.3.1211 = OID: ccitt.0
iso.3.6.1.2.1.25.4.2.1.3.1212 = OID: ccitt.0
iso.3.6.1.2.1.25.4.2.1.3.1479 = OID: ccitt.0
iso.3.6.1.2.1.25.4.2.1.3.1480 = OID: ccitt.0
iso.3.6.1.2.1.25.4.2.1.3.5171 = OID: ccitt.0
iso.3.6.1.2.1.25.4.2.1.3.5207 = OID: ccitt.0
iso.3.6.1.2.1.25.4.2.1.3.21935 = OID: ccitt.0
iso.3.6.1.2.1.25.4.2.1.3.22048 = OID: ccitt.0
iso.3.6.1.2.1.25.4.2.1.3.22481 = OID: ccitt.0
iso.3.6.1.2.1.25.4.2.1.3.22560 = OID: ccitt.0
iso.3.6.1.2.1.25.4.2.1.3.22607 = OID: ccitt.0
iso.3.6.1.2.1.25.4.2.1.3.22608 = OID: ccitt.0
iso.3.6.1.2.1.25.4.2.1.3.22660 = OID: ccitt.0
iso.3.6.1.2.1.25.4.2.1.3.22740 = OID: ccitt.0
iso.3.6.1.2.1.25.4.2.1.3.22771 = OID: ccitt.0
iso.3.6.1.2.1.25.4.2.1.3.22808 = OID: ccitt.0
iso.3.6.1.2.1.25.4.2.1.3.22809 = OID: ccitt.0
iso.3.6.1.2.1.25.4.2.1.3.22810 = OID: ccitt.0
iso.3.6.1.2.1.25.4.2.1.3.22811 = OID: ccitt.0
iso.3.6.1.2.1.25.4.2.1.3.22812 = OID: ccitt.0
iso.3.6.1.2.1.25.4.2.1.3.22813 = OID: ccitt.0
iso.3.6.1.2.1.25.4.2.1.3.22820 = OID: ccitt.0
iso.3.6.1.2.1.25.4.2.1.4.1 = STRING: "/usr/lib/systemd/systemd"
iso.3.6.1.2.1.25.4.2.1.4.2 = ""
iso.3.6.1.2.1.25.4.2.1.4.3 = ""
iso.3.6.1.2.1.25.4.2.1.4.4 = ""
iso.3.6.1.2.1.25.4.2.1.4.6 = ""
iso.3.6.1.2.1.25.4.2.1.4.9 = ""
iso.3.6.1.2.1.25.4.2.1.4.10 = ""
iso.3.6.1.2.1.25.4.2.1.4.11 = ""
iso.3.6.1.2.1.25.4.2.1.4.12 = ""
iso.3.6.1.2.1.25.4.2.1.4.13 = ""
iso.3.6.1.2.1.25.4.2.1.4.14 = ""
iso.3.6.1.2.1.25.4.2.1.4.15 = ""
iso.3.6.1.2.1.25.4.2.1.4.16 = ""
iso.3.6.1.2.1.25.4.2.1.4.17 = ""
iso.3.6.1.2.1.25.4.2.1.4.18 = ""
iso.3.6.1.2.1.25.4.2.1.4.20 = ""
iso.3.6.1.2.1.25.4.2.1.4.23 = ""
iso.3.6.1.2.1.25.4.2.1.4.24 = ""
iso.3.6.1.2.1.25.4.2.1.4.25 = ""
iso.3.6.1.2.1.25.4.2.1.4.26 = ""
iso.3.6.1.2.1.25.4.2.1.4.27 = ""
iso.3.6.1.2.1.25.4.2.1.4.28 = ""
iso.3.6.1.2.1.25.4.2.1.4.29 = ""
iso.3.6.1.2.1.25.4.2.1.4.30 = ""
iso.3.6.1.2.1.25.4.2.1.4.31 = ""
iso.3.6.1.2.1.25.4.2.1.4.32 = ""
iso.3.6.1.2.1.25.4.2.1.4.33 = ""
iso.3.6.1.2.1.25.4.2.1.4.34 = ""
iso.3.6.1.2.1.25.4.2.1.4.35 = ""
iso.3.6.1.2.1.25.4.2.1.4.36 = ""
iso.3.6.1.2.1.25.4.2.1.4.37 = ""
iso.3.6.1.2.1.25.4.2.1.4.38 = ""
iso.3.6.1.2.1.25.4.2.1.4.39 = ""
iso.3.6.1.2.1.25.4.2.1.4.40 = ""
iso.3.6.1.2.1.25.4.2.1.4.61 = ""
iso.3.6.1.2.1.25.4.2.1.4.155 = ""
iso.3.6.1.2.1.25.4.2.1.4.156 = ""
iso.3.6.1.2.1.25.4.2.1.4.157 = ""
iso.3.6.1.2.1.25.4.2.1.4.158 = ""
iso.3.6.1.2.1.25.4.2.1.4.159 = ""
iso.3.6.1.2.1.25.4.2.1.4.160 = ""
iso.3.6.1.2.1.25.4.2.1.4.161 = ""
iso.3.6.1.2.1.25.4.2.1.4.162 = ""
iso.3.6.1.2.1.25.4.2.1.4.163 = ""
iso.3.6.1.2.1.25.4.2.1.4.164 = ""
iso.3.6.1.2.1.25.4.2.1.4.165 = ""
iso.3.6.1.2.1.25.4.2.1.4.166 = ""
iso.3.6.1.2.1.25.4.2.1.4.167 = ""
iso.3.6.1.2.1.25.4.2.1.4.168 = ""
iso.3.6.1.2.1.25.4.2.1.4.169 = ""
iso.3.6.1.2.1.25.4.2.1.4.170 = ""
iso.3.6.1.2.1.25.4.2.1.4.171 = ""
iso.3.6.1.2.1.25.4.2.1.4.172 = ""
iso.3.6.1.2.1.25.4.2.1.4.173 = ""
iso.3.6.1.2.1.25.4.2.1.4.174 = ""
iso.3.6.1.2.1.25.4.2.1.4.175 = ""
iso.3.6.1.2.1.25.4.2.1.4.176 = ""
iso.3.6.1.2.1.25.4.2.1.4.177 = ""
iso.3.6.1.2.1.25.4.2.1.4.178 = ""
iso.3.6.1.2.1.25.4.2.1.4.179 = ""
iso.3.6.1.2.1.25.4.2.1.4.180 = ""
iso.3.6.1.2.1.25.4.2.1.4.181 = ""
iso.3.6.1.2.1.25.4.2.1.4.182 = ""
iso.3.6.1.2.1.25.4.2.1.4.183 = ""
iso.3.6.1.2.1.25.4.2.1.4.184 = ""
iso.3.6.1.2.1.25.4.2.1.4.185 = ""
iso.3.6.1.2.1.25.4.2.1.4.186 = ""
iso.3.6.1.2.1.25.4.2.1.4.187 = ""
iso.3.6.1.2.1.25.4.2.1.4.188 = ""
iso.3.6.1.2.1.25.4.2.1.4.189 = ""
iso.3.6.1.2.1.25.4.2.1.4.190 = ""
iso.3.6.1.2.1.25.4.2.1.4.192 = ""
iso.3.6.1.2.1.25.4.2.1.4.193 = ""
iso.3.6.1.2.1.25.4.2.1.4.194 = ""
iso.3.6.1.2.1.25.4.2.1.4.508 = ""
iso.3.6.1.2.1.25.4.2.1.4.509 = ""
iso.3.6.1.2.1.25.4.2.1.4.510 = ""
iso.3.6.1.2.1.25.4.2.1.4.511 = ""
iso.3.6.1.2.1.25.4.2.1.4.512 = ""
iso.3.6.1.2.1.25.4.2.1.4.516 = ""
iso.3.6.1.2.1.25.4.2.1.4.517 = ""
iso.3.6.1.2.1.25.4.2.1.4.518 = ""
iso.3.6.1.2.1.25.4.2.1.4.519 = ""
iso.3.6.1.2.1.25.4.2.1.4.520 = ""
iso.3.6.1.2.1.25.4.2.1.4.521 = ""
iso.3.6.1.2.1.25.4.2.1.4.522 = ""
iso.3.6.1.2.1.25.4.2.1.4.523 = ""
iso.3.6.1.2.1.25.4.2.1.4.524 = ""
iso.3.6.1.2.1.25.4.2.1.4.525 = ""
iso.3.6.1.2.1.25.4.2.1.4.526 = ""
iso.3.6.1.2.1.25.4.2.1.4.527 = ""
iso.3.6.1.2.1.25.4.2.1.4.528 = ""
iso.3.6.1.2.1.25.4.2.1.4.529 = ""
iso.3.6.1.2.1.25.4.2.1.4.531 = ""
iso.3.6.1.2.1.25.4.2.1.4.532 = ""
iso.3.6.1.2.1.25.4.2.1.4.534 = ""
iso.3.6.1.2.1.25.4.2.1.4.535 = ""
iso.3.6.1.2.1.25.4.2.1.4.536 = ""
iso.3.6.1.2.1.25.4.2.1.4.537 = ""
iso.3.6.1.2.1.25.4.2.1.4.538 = ""
iso.3.6.1.2.1.25.4.2.1.4.539 = ""
iso.3.6.1.2.1.25.4.2.1.4.540 = ""
iso.3.6.1.2.1.25.4.2.1.4.541 = ""
iso.3.6.1.2.1.25.4.2.1.4.542 = ""
iso.3.6.1.2.1.25.4.2.1.4.544 = ""
iso.3.6.1.2.1.25.4.2.1.4.545 = ""
iso.3.6.1.2.1.25.4.2.1.4.547 = ""
iso.3.6.1.2.1.25.4.2.1.4.548 = ""
iso.3.6.1.2.1.25.4.2.1.4.549 = ""
iso.3.6.1.2.1.25.4.2.1.4.550 = ""
iso.3.6.1.2.1.25.4.2.1.4.551 = ""
iso.3.6.1.2.1.25.4.2.1.4.552 = ""
iso.3.6.1.2.1.25.4.2.1.4.553 = ""
iso.3.6.1.2.1.25.4.2.1.4.554 = ""
iso.3.6.1.2.1.25.4.2.1.4.555 = ""
iso.3.6.1.2.1.25.4.2.1.4.556 = ""
iso.3.6.1.2.1.25.4.2.1.4.558 = ""
iso.3.6.1.2.1.25.4.2.1.4.559 = ""
iso.3.6.1.2.1.25.4.2.1.4.561 = ""
iso.3.6.1.2.1.25.4.2.1.4.562 = ""
iso.3.6.1.2.1.25.4.2.1.4.563 = ""
iso.3.6.1.2.1.25.4.2.1.4.564 = ""
iso.3.6.1.2.1.25.4.2.1.4.565 = ""
iso.3.6.1.2.1.25.4.2.1.4.566 = ""
iso.3.6.1.2.1.25.4.2.1.4.567 = ""
iso.3.6.1.2.1.25.4.2.1.4.568 = ""
iso.3.6.1.2.1.25.4.2.1.4.569 = ""
iso.3.6.1.2.1.25.4.2.1.4.570 = ""
iso.3.6.1.2.1.25.4.2.1.4.571 = ""
iso.3.6.1.2.1.25.4.2.1.4.572 = ""
iso.3.6.1.2.1.25.4.2.1.4.573 = ""
iso.3.6.1.2.1.25.4.2.1.4.574 = ""
iso.3.6.1.2.1.25.4.2.1.4.575 = ""
iso.3.6.1.2.1.25.4.2.1.4.576 = ""
iso.3.6.1.2.1.25.4.2.1.4.577 = ""
iso.3.6.1.2.1.25.4.2.1.4.578 = ""
iso.3.6.1.2.1.25.4.2.1.4.579 = ""
iso.3.6.1.2.1.25.4.2.1.4.580 = ""
iso.3.6.1.2.1.25.4.2.1.4.581 = ""
iso.3.6.1.2.1.25.4.2.1.4.592 = ""
iso.3.6.1.2.1.25.4.2.1.4.596 = ""
iso.3.6.1.2.1.25.4.2.1.4.605 = ""
iso.3.6.1.2.1.25.4.2.1.4.606 = ""
iso.3.6.1.2.1.25.4.2.1.4.608 = ""
iso.3.6.1.2.1.25.4.2.1.4.610 = ""
iso.3.6.1.2.1.25.4.2.1.4.612 = ""
iso.3.6.1.2.1.25.4.2.1.4.614 = ""
iso.3.6.1.2.1.25.4.2.1.4.615 = ""
iso.3.6.1.2.1.25.4.2.1.4.617 = ""
iso.3.6.1.2.1.25.4.2.1.4.619 = ""
iso.3.6.1.2.1.25.4.2.1.4.620 = ""
iso.3.6.1.2.1.25.4.2.1.4.626 = ""
iso.3.6.1.2.1.25.4.2.1.4.627 = ""
iso.3.6.1.2.1.25.4.2.1.4.682 = ""
iso.3.6.1.2.1.25.4.2.1.4.691 = ""
iso.3.6.1.2.1.25.4.2.1.4.716 = ""
iso.3.6.1.2.1.25.4.2.1.4.717 = ""
iso.3.6.1.2.1.25.4.2.1.4.718 = ""
iso.3.6.1.2.1.25.4.2.1.4.719 = ""
iso.3.6.1.2.1.25.4.2.1.4.720 = ""
iso.3.6.1.2.1.25.4.2.1.4.721 = ""
iso.3.6.1.2.1.25.4.2.1.4.722 = ""
iso.3.6.1.2.1.25.4.2.1.4.723 = ""
iso.3.6.1.2.1.25.4.2.1.4.724 = ""
iso.3.6.1.2.1.25.4.2.1.4.820 = STRING: "/usr/lib/systemd/systemd-journald"
iso.3.6.1.2.1.25.4.2.1.4.854 = STRING: "/usr/lib/systemd/systemd-udevd"
iso.3.6.1.2.1.25.4.2.1.4.924 = ""
iso.3.6.1.2.1.25.4.2.1.4.941 = ""
iso.3.6.1.2.1.25.4.2.1.4.942 = ""
iso.3.6.1.2.1.25.4.2.1.4.943 = ""
iso.3.6.1.2.1.25.4.2.1.4.944 = ""
iso.3.6.1.2.1.25.4.2.1.4.945 = ""
iso.3.6.1.2.1.25.4.2.1.4.946 = ""
iso.3.6.1.2.1.25.4.2.1.4.947 = ""
iso.3.6.1.2.1.25.4.2.1.4.948 = ""
iso.3.6.1.2.1.25.4.2.1.4.949 = ""
iso.3.6.1.2.1.25.4.2.1.4.973 = STRING: "/sbin/auditd"
iso.3.6.1.2.1.25.4.2.1.4.975 = STRING: "/usr/sbin/sedispatch"
iso.3.6.1.2.1.25.4.2.1.4.1008 = STRING: "/usr/bin/dbus-daemon"
iso.3.6.1.2.1.25.4.2.1.4.1009 = STRING: "/usr/bin/VGAuthService"
iso.3.6.1.2.1.25.4.2.1.4.1010 = STRING: "/usr/bin/vmtoolsd"
iso.3.6.1.2.1.25.4.2.1.4.1011 = STRING: "/usr/sbin/sssd"
iso.3.6.1.2.1.25.4.2.1.4.1012 = STRING: "/usr/lib/polkit-1/polkitd"
iso.3.6.1.2.1.25.4.2.1.4.1016 = STRING: "/usr/sbin/irqbalance"
iso.3.6.1.2.1.25.4.2.1.4.1019 = STRING: "/sbin/rngd"
iso.3.6.1.2.1.25.4.2.1.4.1023 = STRING: "/usr/sbin/chronyd"
iso.3.6.1.2.1.25.4.2.1.4.1046 = STRING: "/usr/libexec/sssd/sssd_be"
iso.3.6.1.2.1.25.4.2.1.4.1047 = STRING: "/usr/libexec/platform-python"
iso.3.6.1.2.1.25.4.2.1.4.1084 = STRING: "/usr/libexec/sssd/sssd_nss"
iso.3.6.1.2.1.25.4.2.1.4.1085 = STRING: "/usr/lib/systemd/systemd-logind"
iso.3.6.1.2.1.25.4.2.1.4.1086 = STRING: "/usr/sbin/NetworkManager"
iso.3.6.1.2.1.25.4.2.1.4.1097 = STRING: "/usr/sbin/sshd"
iso.3.6.1.2.1.25.4.2.1.4.1098 = STRING: "/usr/libexec/platform-python"
iso.3.6.1.2.1.25.4.2.1.4.1116 = STRING: "/usr/sbin/crond"
iso.3.6.1.2.1.25.4.2.1.4.1131 = STRING: "/sbin/agetty"
iso.3.6.1.2.1.25.4.2.1.4.1193 = STRING: "/usr/libexec/mysqld"
iso.3.6.1.2.1.25.4.2.1.4.1210 = STRING: "nginx: master process /usr/sbin/nginx"
iso.3.6.1.2.1.25.4.2.1.4.1211 = STRING: "nginx: worker process"
iso.3.6.1.2.1.25.4.2.1.4.1212 = STRING: "nginx: worker process"
iso.3.6.1.2.1.25.4.2.1.4.1479 = STRING: "/usr/sbin/snmpd"
iso.3.6.1.2.1.25.4.2.1.4.1480 = STRING: "/usr/sbin/rsyslogd"
iso.3.6.1.2.1.25.4.2.1.4.5171 = STRING: "/usr/libexec/packagekitd"
iso.3.6.1.2.1.25.4.2.1.4.5207 = STRING: "/usr/libexec/platform-python"
iso.3.6.1.2.1.25.4.2.1.4.21935 = ""
iso.3.6.1.2.1.25.4.2.1.4.22048 = ""
iso.3.6.1.2.1.25.4.2.1.4.22481 = ""
iso.3.6.1.2.1.25.4.2.1.4.22560 = ""
iso.3.6.1.2.1.25.4.2.1.4.22607 = ""
iso.3.6.1.2.1.25.4.2.1.4.22608 = ""
iso.3.6.1.2.1.25.4.2.1.4.22660 = ""
iso.3.6.1.2.1.25.4.2.1.4.22740 = ""
iso.3.6.1.2.1.25.4.2.1.4.22771 = ""
iso.3.6.1.2.1.25.4.2.1.4.22808 = STRING: "php-fpm: master process (/etc/php-fpm.conf)"
iso.3.6.1.2.1.25.4.2.1.4.22809 = STRING: "php-fpm: pool www"
iso.3.6.1.2.1.25.4.2.1.4.22810 = STRING: "php-fpm: pool www"
iso.3.6.1.2.1.25.4.2.1.4.22811 = STRING: "php-fpm: pool www"
iso.3.6.1.2.1.25.4.2.1.4.22812 = STRING: "php-fpm: pool www"
iso.3.6.1.2.1.25.4.2.1.4.22813 = STRING: "php-fpm: pool www"
iso.3.6.1.2.1.25.4.2.1.4.22820 = ""
iso.3.6.1.2.1.25.4.2.1.5.1 = STRING: "--switched-root --system --deserialize 17"
iso.3.6.1.2.1.25.4.2.1.5.2 = ""
iso.3.6.1.2.1.25.4.2.1.5.3 = ""
iso.3.6.1.2.1.25.4.2.1.5.4 = ""
iso.3.6.1.2.1.25.4.2.1.5.6 = ""
iso.3.6.1.2.1.25.4.2.1.5.9 = ""
iso.3.6.1.2.1.25.4.2.1.5.10 = ""
iso.3.6.1.2.1.25.4.2.1.5.11 = ""
iso.3.6.1.2.1.25.4.2.1.5.12 = ""
iso.3.6.1.2.1.25.4.2.1.5.13 = ""
iso.3.6.1.2.1.25.4.2.1.5.14 = ""
iso.3.6.1.2.1.25.4.2.1.5.15 = ""
iso.3.6.1.2.1.25.4.2.1.5.16 = ""
iso.3.6.1.2.1.25.4.2.1.5.17 = ""
iso.3.6.1.2.1.25.4.2.1.5.18 = ""
iso.3.6.1.2.1.25.4.2.1.5.20 = ""
iso.3.6.1.2.1.25.4.2.1.5.23 = ""
iso.3.6.1.2.1.25.4.2.1.5.24 = ""
iso.3.6.1.2.1.25.4.2.1.5.25 = ""
iso.3.6.1.2.1.25.4.2.1.5.26 = ""
iso.3.6.1.2.1.25.4.2.1.5.27 = ""
iso.3.6.1.2.1.25.4.2.1.5.28 = ""
iso.3.6.1.2.1.25.4.2.1.5.29 = ""
iso.3.6.1.2.1.25.4.2.1.5.30 = ""
iso.3.6.1.2.1.25.4.2.1.5.31 = ""
iso.3.6.1.2.1.25.4.2.1.5.32 = ""
iso.3.6.1.2.1.25.4.2.1.5.33 = ""
iso.3.6.1.2.1.25.4.2.1.5.34 = ""
iso.3.6.1.2.1.25.4.2.1.5.35 = ""
iso.3.6.1.2.1.25.4.2.1.5.36 = ""
iso.3.6.1.2.1.25.4.2.1.5.37 = ""
iso.3.6.1.2.1.25.4.2.1.5.38 = ""
iso.3.6.1.2.1.25.4.2.1.5.39 = ""
iso.3.6.1.2.1.25.4.2.1.5.40 = ""
iso.3.6.1.2.1.25.4.2.1.5.61 = ""
iso.3.6.1.2.1.25.4.2.1.5.155 = ""
iso.3.6.1.2.1.25.4.2.1.5.156 = ""
iso.3.6.1.2.1.25.4.2.1.5.157 = ""
iso.3.6.1.2.1.25.4.2.1.5.158 = ""
iso.3.6.1.2.1.25.4.2.1.5.159 = ""
iso.3.6.1.2.1.25.4.2.1.5.160 = ""
iso.3.6.1.2.1.25.4.2.1.5.161 = ""
iso.3.6.1.2.1.25.4.2.1.5.162 = ""
iso.3.6.1.2.1.25.4.2.1.5.163 = ""
iso.3.6.1.2.1.25.4.2.1.5.164 = ""
iso.3.6.1.2.1.25.4.2.1.5.165 = ""
iso.3.6.1.2.1.25.4.2.1.5.166 = ""
iso.3.6.1.2.1.25.4.2.1.5.167 = ""
iso.3.6.1.2.1.25.4.2.1.5.168 = ""
iso.3.6.1.2.1.25.4.2.1.5.169 = ""
iso.3.6.1.2.1.25.4.2.1.5.170 = ""
iso.3.6.1.2.1.25.4.2.1.5.171 = ""
iso.3.6.1.2.1.25.4.2.1.5.172 = ""
iso.3.6.1.2.1.25.4.2.1.5.173 = ""
iso.3.6.1.2.1.25.4.2.1.5.174 = ""
iso.3.6.1.2.1.25.4.2.1.5.175 = ""
iso.3.6.1.2.1.25.4.2.1.5.176 = ""
iso.3.6.1.2.1.25.4.2.1.5.177 = ""
iso.3.6.1.2.1.25.4.2.1.5.178 = ""
iso.3.6.1.2.1.25.4.2.1.5.179 = ""
iso.3.6.1.2.1.25.4.2.1.5.180 = ""
iso.3.6.1.2.1.25.4.2.1.5.181 = ""
iso.3.6.1.2.1.25.4.2.1.5.182 = ""
iso.3.6.1.2.1.25.4.2.1.5.183 = ""
iso.3.6.1.2.1.25.4.2.1.5.184 = ""
iso.3.6.1.2.1.25.4.2.1.5.185 = ""
iso.3.6.1.2.1.25.4.2.1.5.186 = ""
iso.3.6.1.2.1.25.4.2.1.5.187 = ""
iso.3.6.1.2.1.25.4.2.1.5.188 = ""
iso.3.6.1.2.1.25.4.2.1.5.189 = ""
iso.3.6.1.2.1.25.4.2.1.5.190 = ""
iso.3.6.1.2.1.25.4.2.1.5.192 = ""
iso.3.6.1.2.1.25.4.2.1.5.193 = ""
iso.3.6.1.2.1.25.4.2.1.5.194 = ""
iso.3.6.1.2.1.25.4.2.1.5.508 = ""
iso.3.6.1.2.1.25.4.2.1.5.509 = ""
iso.3.6.1.2.1.25.4.2.1.5.510 = ""
iso.3.6.1.2.1.25.4.2.1.5.511 = ""
iso.3.6.1.2.1.25.4.2.1.5.512 = ""
iso.3.6.1.2.1.25.4.2.1.5.516 = ""
iso.3.6.1.2.1.25.4.2.1.5.517 = ""
iso.3.6.1.2.1.25.4.2.1.5.518 = ""
iso.3.6.1.2.1.25.4.2.1.5.519 = ""
iso.3.6.1.2.1.25.4.2.1.5.520 = ""
iso.3.6.1.2.1.25.4.2.1.5.521 = ""
iso.3.6.1.2.1.25.4.2.1.5.522 = ""
iso.3.6.1.2.1.25.4.2.1.5.523 = ""
iso.3.6.1.2.1.25.4.2.1.5.524 = ""
iso.3.6.1.2.1.25.4.2.1.5.525 = ""
iso.3.6.1.2.1.25.4.2.1.5.526 = ""
iso.3.6.1.2.1.25.4.2.1.5.527 = ""
iso.3.6.1.2.1.25.4.2.1.5.528 = ""
iso.3.6.1.2.1.25.4.2.1.5.529 = ""
iso.3.6.1.2.1.25.4.2.1.5.531 = ""
iso.3.6.1.2.1.25.4.2.1.5.532 = ""
iso.3.6.1.2.1.25.4.2.1.5.534 = ""
iso.3.6.1.2.1.25.4.2.1.5.535 = ""
iso.3.6.1.2.1.25.4.2.1.5.536 = ""
iso.3.6.1.2.1.25.4.2.1.5.537 = ""
iso.3.6.1.2.1.25.4.2.1.5.538 = ""
iso.3.6.1.2.1.25.4.2.1.5.539 = ""
iso.3.6.1.2.1.25.4.2.1.5.540 = ""
iso.3.6.1.2.1.25.4.2.1.5.541 = ""
iso.3.6.1.2.1.25.4.2.1.5.542 = ""
iso.3.6.1.2.1.25.4.2.1.5.544 = ""
iso.3.6.1.2.1.25.4.2.1.5.545 = ""
iso.3.6.1.2.1.25.4.2.1.5.547 = ""
iso.3.6.1.2.1.25.4.2.1.5.548 = ""
iso.3.6.1.2.1.25.4.2.1.5.549 = ""
iso.3.6.1.2.1.25.4.2.1.5.550 = ""
iso.3.6.1.2.1.25.4.2.1.5.551 = ""
iso.3.6.1.2.1.25.4.2.1.5.552 = ""
iso.3.6.1.2.1.25.4.2.1.5.553 = ""
iso.3.6.1.2.1.25.4.2.1.5.554 = ""
iso.3.6.1.2.1.25.4.2.1.5.555 = ""
iso.3.6.1.2.1.25.4.2.1.5.556 = ""
iso.3.6.1.2.1.25.4.2.1.5.558 = ""
iso.3.6.1.2.1.25.4.2.1.5.559 = ""
iso.3.6.1.2.1.25.4.2.1.5.561 = ""
iso.3.6.1.2.1.25.4.2.1.5.562 = ""
iso.3.6.1.2.1.25.4.2.1.5.563 = ""
iso.3.6.1.2.1.25.4.2.1.5.564 = ""
iso.3.6.1.2.1.25.4.2.1.5.565 = ""
iso.3.6.1.2.1.25.4.2.1.5.566 = ""
iso.3.6.1.2.1.25.4.2.1.5.567 = ""
iso.3.6.1.2.1.25.4.2.1.5.568 = ""
iso.3.6.1.2.1.25.4.2.1.5.569 = ""
iso.3.6.1.2.1.25.4.2.1.5.570 = ""
iso.3.6.1.2.1.25.4.2.1.5.571 = ""
iso.3.6.1.2.1.25.4.2.1.5.572 = ""
iso.3.6.1.2.1.25.4.2.1.5.573 = ""
iso.3.6.1.2.1.25.4.2.1.5.574 = ""
iso.3.6.1.2.1.25.4.2.1.5.575 = ""
iso.3.6.1.2.1.25.4.2.1.5.576 = ""
iso.3.6.1.2.1.25.4.2.1.5.577 = ""
iso.3.6.1.2.1.25.4.2.1.5.578 = ""
iso.3.6.1.2.1.25.4.2.1.5.579 = ""
iso.3.6.1.2.1.25.4.2.1.5.580 = ""
iso.3.6.1.2.1.25.4.2.1.5.581 = ""
iso.3.6.1.2.1.25.4.2.1.5.592 = ""
iso.3.6.1.2.1.25.4.2.1.5.596 = ""
iso.3.6.1.2.1.25.4.2.1.5.605 = ""
iso.3.6.1.2.1.25.4.2.1.5.606 = ""
iso.3.6.1.2.1.25.4.2.1.5.608 = ""
iso.3.6.1.2.1.25.4.2.1.5.610 = ""
iso.3.6.1.2.1.25.4.2.1.5.612 = ""
iso.3.6.1.2.1.25.4.2.1.5.614 = ""
iso.3.6.1.2.1.25.4.2.1.5.615 = ""
iso.3.6.1.2.1.25.4.2.1.5.617 = ""
iso.3.6.1.2.1.25.4.2.1.5.619 = ""
iso.3.6.1.2.1.25.4.2.1.5.620 = ""
iso.3.6.1.2.1.25.4.2.1.5.626 = ""
iso.3.6.1.2.1.25.4.2.1.5.627 = ""
iso.3.6.1.2.1.25.4.2.1.5.682 = ""
iso.3.6.1.2.1.25.4.2.1.5.691 = ""
iso.3.6.1.2.1.25.4.2.1.5.716 = ""
iso.3.6.1.2.1.25.4.2.1.5.717 = ""
iso.3.6.1.2.1.25.4.2.1.5.718 = ""
iso.3.6.1.2.1.25.4.2.1.5.719 = ""
iso.3.6.1.2.1.25.4.2.1.5.720 = ""
iso.3.6.1.2.1.25.4.2.1.5.721 = ""
iso.3.6.1.2.1.25.4.2.1.5.722 = ""
iso.3.6.1.2.1.25.4.2.1.5.723 = ""
iso.3.6.1.2.1.25.4.2.1.5.724 = ""
iso.3.6.1.2.1.25.4.2.1.5.820 = ""
iso.3.6.1.2.1.25.4.2.1.5.854 = ""
iso.3.6.1.2.1.25.4.2.1.5.924 = ""
iso.3.6.1.2.1.25.4.2.1.5.941 = ""
iso.3.6.1.2.1.25.4.2.1.5.942 = ""
iso.3.6.1.2.1.25.4.2.1.5.943 = ""
iso.3.6.1.2.1.25.4.2.1.5.944 = ""
iso.3.6.1.2.1.25.4.2.1.5.945 = ""
iso.3.6.1.2.1.25.4.2.1.5.946 = ""
iso.3.6.1.2.1.25.4.2.1.5.947 = ""
iso.3.6.1.2.1.25.4.2.1.5.948 = ""
iso.3.6.1.2.1.25.4.2.1.5.949 = ""
iso.3.6.1.2.1.25.4.2.1.5.973 = ""
iso.3.6.1.2.1.25.4.2.1.5.975 = ""
iso.3.6.1.2.1.25.4.2.1.5.1008 = STRING: "--system --address=systemd: --nofork --nopidfile --systemd-activation --syslog-only"
iso.3.6.1.2.1.25.4.2.1.5.1009 = STRING: "-s"
iso.3.6.1.2.1.25.4.2.1.5.1010 = ""
iso.3.6.1.2.1.25.4.2.1.5.1011 = STRING: "-i --logger=files"
iso.3.6.1.2.1.25.4.2.1.5.1012 = STRING: "--no-debug"
iso.3.6.1.2.1.25.4.2.1.5.1016 = STRING: "--foreground"
iso.3.6.1.2.1.25.4.2.1.5.1019 = STRING: "-f --fill-watermark=0"
iso.3.6.1.2.1.25.4.2.1.5.1023 = ""
iso.3.6.1.2.1.25.4.2.1.5.1046 = STRING: "--domain implicit_files --uid 0 --gid 0 --logger=files"
iso.3.6.1.2.1.25.4.2.1.5.1047 = STRING: "-s /usr/sbin/firewalld --nofork --nopid"
iso.3.6.1.2.1.25.4.2.1.5.1084 = STRING: "--uid 0 --gid 0 --logger=files"
iso.3.6.1.2.1.25.4.2.1.5.1085 = ""
iso.3.6.1.2.1.25.4.2.1.5.1086 = STRING: "--no-daemon"
iso.3.6.1.2.1.25.4.2.1.5.1097 = STRING: "-D -oCiphers=aes256-gcm@openssh.com,chacha20-poly1305@openssh.com,aes256-ctr,aes256-cbc,aes128-gcm@openssh.com,aes128-ctr,aes128"
iso.3.6.1.2.1.25.4.2.1.5.1098 = STRING: "-Es /usr/sbin/tuned -l -P"
iso.3.6.1.2.1.25.4.2.1.5.1116 = STRING: "-n"
iso.3.6.1.2.1.25.4.2.1.5.1131 = STRING: "-o -p -- \\u --noclear tty1 linux"
iso.3.6.1.2.1.25.4.2.1.5.1193 = STRING: "--basedir=/usr"
iso.3.6.1.2.1.25.4.2.1.5.1210 = ""
iso.3.6.1.2.1.25.4.2.1.5.1211 = ""
iso.3.6.1.2.1.25.4.2.1.5.1212 = ""
iso.3.6.1.2.1.25.4.2.1.5.1479 = STRING: "-LS0-6d -f"
iso.3.6.1.2.1.25.4.2.1.5.1480 = STRING: "-n"
iso.3.6.1.2.1.25.4.2.1.5.5171 = ""
iso.3.6.1.2.1.25.4.2.1.5.5207 = STRING: "-Es /usr/share/setroubleshoot/SetroubleshootFixit.py"
iso.3.6.1.2.1.25.4.2.1.5.21935 = ""
iso.3.6.1.2.1.25.4.2.1.5.22048 = ""
iso.3.6.1.2.1.25.4.2.1.5.22481 = ""
iso.3.6.1.2.1.25.4.2.1.5.22560 = ""
iso.3.6.1.2.1.25.4.2.1.5.22607 = ""
iso.3.6.1.2.1.25.4.2.1.5.22608 = ""
iso.3.6.1.2.1.25.4.2.1.5.22660 = ""
iso.3.6.1.2.1.25.4.2.1.5.22771 = ""
iso.3.6.1.2.1.25.4.2.1.5.22820 = ""
iso.3.6.1.2.1.25.4.2.1.5.22849 = ""
iso.3.6.1.2.1.25.4.2.1.5.22850 = ""
iso.3.6.1.2.1.25.4.2.1.5.22851 = ""
iso.3.6.1.2.1.25.4.2.1.5.22852 = ""
iso.3.6.1.2.1.25.4.2.1.5.22853 = ""
iso.3.6.1.2.1.25.4.2.1.5.22854 = ""
iso.3.6.1.2.1.25.4.2.1.5.22864 = ""
iso.3.6.1.2.1.25.4.2.1.6.1 = INTEGER: 4
iso.3.6.1.2.1.25.4.2.1.6.2 = INTEGER: 2
iso.3.6.1.2.1.25.4.2.1.6.3 = INTEGER: 2
iso.3.6.1.2.1.25.4.2.1.6.4 = INTEGER: 2
iso.3.6.1.2.1.25.4.2.1.6.6 = INTEGER: 2
iso.3.6.1.2.1.25.4.2.1.6.9 = INTEGER: 2
iso.3.6.1.2.1.25.4.2.1.6.10 = INTEGER: 2
iso.3.6.1.2.1.25.4.2.1.6.11 = INTEGER: 2
iso.3.6.1.2.1.25.4.2.1.6.12 = INTEGER: 2
iso.3.6.1.2.1.25.4.2.1.6.13 = INTEGER: 2
iso.3.6.1.2.1.25.4.2.1.6.14 = INTEGER: 2
iso.3.6.1.2.1.25.4.2.1.6.15 = INTEGER: 2
iso.3.6.1.2.1.25.4.2.1.6.16 = INTEGER: 2
iso.3.6.1.2.1.25.4.2.1.6.17 = INTEGER: 2
iso.3.6.1.2.1.25.4.2.1.6.18 = INTEGER: 2
iso.3.6.1.2.1.25.4.2.1.6.20 = INTEGER: 2
iso.3.6.1.2.1.25.4.2.1.6.23 = INTEGER: 2
iso.3.6.1.2.1.25.4.2.1.6.24 = INTEGER: 2
iso.3.6.1.2.1.25.4.2.1.6.25 = INTEGER: 2
iso.3.6.1.2.1.25.4.2.1.6.26 = INTEGER: 2
iso.3.6.1.2.1.25.4.2.1.6.27 = INTEGER: 2
iso.3.6.1.2.1.25.4.2.1.6.28 = INTEGER: 2
iso.3.6.1.2.1.25.4.2.1.6.29 = INTEGER: 2
iso.3.6.1.2.1.25.4.2.1.6.30 = INTEGER: 2
iso.3.6.1.2.1.25.4.2.1.6.31 = INTEGER: 2
iso.3.6.1.2.1.25.4.2.1.6.32 = INTEGER: 2
iso.3.6.1.2.1.25.4.2.1.6.33 = INTEGER: 2
iso.3.6.1.2.1.25.4.2.1.6.34 = INTEGER: 2
iso.3.6.1.2.1.25.4.2.1.6.35 = INTEGER: 2
iso.3.6.1.2.1.25.4.2.1.6.36 = INTEGER: 2
iso.3.6.1.2.1.25.4.2.1.6.37 = INTEGER: 2
iso.3.6.1.2.1.25.4.2.1.6.38 = INTEGER: 2
iso.3.6.1.2.1.25.4.2.1.6.39 = INTEGER: 2
iso.3.6.1.2.1.25.4.2.1.6.40 = INTEGER: 2
iso.3.6.1.2.1.25.4.2.1.6.61 = INTEGER: 2
iso.3.6.1.2.1.25.4.2.1.6.155 = INTEGER: 2
iso.3.6.1.2.1.25.4.2.1.6.156 = INTEGER: 2
iso.3.6.1.2.1.25.4.2.1.6.157 = INTEGER: 2
iso.3.6.1.2.1.25.4.2.1.6.158 = INTEGER: 2
iso.3.6.1.2.1.25.4.2.1.6.159 = INTEGER: 2
iso.3.6.1.2.1.25.4.2.1.6.160 = INTEGER: 2
iso.3.6.1.2.1.25.4.2.1.6.161 = INTEGER: 2
iso.3.6.1.2.1.25.4.2.1.6.162 = INTEGER: 2
iso.3.6.1.2.1.25.4.2.1.6.163 = INTEGER: 2
iso.3.6.1.2.1.25.4.2.1.6.164 = INTEGER: 2
iso.3.6.1.2.1.25.4.2.1.6.165 = INTEGER: 2
iso.3.6.1.2.1.25.4.2.1.6.166 = INTEGER: 2
iso.3.6.1.2.1.25.4.2.1.6.167 = INTEGER: 2
iso.3.6.1.2.1.25.4.2.1.6.168 = INTEGER: 2
iso.3.6.1.2.1.25.4.2.1.6.169 = INTEGER: 2
iso.3.6.1.2.1.25.4.2.1.6.170 = INTEGER: 2
iso.3.6.1.2.1.25.4.2.1.6.171 = INTEGER: 2
iso.3.6.1.2.1.25.4.2.1.6.172 = INTEGER: 2
iso.3.6.1.2.1.25.4.2.1.6.173 = INTEGER: 2
iso.3.6.1.2.1.25.4.2.1.6.174 = INTEGER: 2
iso.3.6.1.2.1.25.4.2.1.6.175 = INTEGER: 2
iso.3.6.1.2.1.25.4.2.1.6.176 = INTEGER: 2
iso.3.6.1.2.1.25.4.2.1.6.177 = INTEGER: 2
iso.3.6.1.2.1.25.4.2.1.6.178 = INTEGER: 2
iso.3.6.1.2.1.25.4.2.1.6.179 = INTEGER: 2
iso.3.6.1.2.1.25.4.2.1.6.180 = INTEGER: 2
iso.3.6.1.2.1.25.4.2.1.6.181 = INTEGER: 2
iso.3.6.1.2.1.25.4.2.1.6.182 = INTEGER: 2
iso.3.6.1.2.1.25.4.2.1.6.183 = INTEGER: 2
iso.3.6.1.2.1.25.4.2.1.6.184 = INTEGER: 2
iso.3.6.1.2.1.25.4.2.1.6.185 = INTEGER: 2
iso.3.6.1.2.1.25.4.2.1.6.186 = INTEGER: 2
iso.3.6.1.2.1.25.4.2.1.6.187 = INTEGER: 2
iso.3.6.1.2.1.25.4.2.1.6.188 = INTEGER: 2
iso.3.6.1.2.1.25.4.2.1.6.189 = INTEGER: 2
iso.3.6.1.2.1.25.4.2.1.6.190 = INTEGER: 2
iso.3.6.1.2.1.25.4.2.1.6.192 = INTEGER: 2
iso.3.6.1.2.1.25.4.2.1.6.193 = INTEGER: 2
iso.3.6.1.2.1.25.4.2.1.6.194 = INTEGER: 2
iso.3.6.1.2.1.25.4.2.1.6.508 = INTEGER: 2
iso.3.6.1.2.1.25.4.2.1.6.509 = INTEGER: 2
iso.3.6.1.2.1.25.4.2.1.6.510 = INTEGER: 2
iso.3.6.1.2.1.25.4.2.1.6.511 = INTEGER: 2
iso.3.6.1.2.1.25.4.2.1.6.512 = INTEGER: 2
iso.3.6.1.2.1.25.4.2.1.6.516 = INTEGER: 2
iso.3.6.1.2.1.25.4.2.1.6.517 = INTEGER: 2
iso.3.6.1.2.1.25.4.2.1.6.518 = INTEGER: 2
iso.3.6.1.2.1.25.4.2.1.6.519 = INTEGER: 2
iso.3.6.1.2.1.25.4.2.1.6.520 = INTEGER: 2
iso.3.6.1.2.1.25.4.2.1.6.521 = INTEGER: 2
iso.3.6.1.2.1.25.4.2.1.6.522 = INTEGER: 2
iso.3.6.1.2.1.25.4.2.1.6.523 = INTEGER: 2
iso.3.6.1.2.1.25.4.2.1.6.524 = INTEGER: 2
iso.3.6.1.2.1.25.4.2.1.6.525 = INTEGER: 2
iso.3.6.1.2.1.25.4.2.1.6.526 = INTEGER: 2
iso.3.6.1.2.1.25.4.2.1.6.527 = INTEGER: 2
iso.3.6.1.2.1.25.4.2.1.6.528 = INTEGER: 2
iso.3.6.1.2.1.25.4.2.1.6.529 = INTEGER: 2
iso.3.6.1.2.1.25.4.2.1.6.531 = INTEGER: 2
iso.3.6.1.2.1.25.4.2.1.6.532 = INTEGER: 2
iso.3.6.1.2.1.25.4.2.1.6.534 = INTEGER: 2
iso.3.6.1.2.1.25.4.2.1.6.535 = INTEGER: 2
iso.3.6.1.2.1.25.4.2.1.6.536 = INTEGER: 2
iso.3.6.1.2.1.25.4.2.1.6.537 = INTEGER: 2
iso.3.6.1.2.1.25.4.2.1.6.538 = INTEGER: 2
iso.3.6.1.2.1.25.4.2.1.6.539 = INTEGER: 2
iso.3.6.1.2.1.25.4.2.1.6.540 = INTEGER: 2
iso.3.6.1.2.1.25.4.2.1.6.541 = INTEGER: 2
iso.3.6.1.2.1.25.4.2.1.6.542 = INTEGER: 2
iso.3.6.1.2.1.25.4.2.1.6.544 = INTEGER: 2
iso.3.6.1.2.1.25.4.2.1.6.545 = INTEGER: 2
iso.3.6.1.2.1.25.4.2.1.6.547 = INTEGER: 2
iso.3.6.1.2.1.25.4.2.1.6.548 = INTEGER: 2
iso.3.6.1.2.1.25.4.2.1.6.549 = INTEGER: 2
iso.3.6.1.2.1.25.4.2.1.6.550 = INTEGER: 2
iso.3.6.1.2.1.25.4.2.1.6.551 = INTEGER: 2
iso.3.6.1.2.1.25.4.2.1.6.552 = INTEGER: 2
iso.3.6.1.2.1.25.4.2.1.6.553 = INTEGER: 2
iso.3.6.1.2.1.25.4.2.1.6.554 = INTEGER: 2
iso.3.6.1.2.1.25.4.2.1.6.555 = INTEGER: 2
iso.3.6.1.2.1.25.4.2.1.6.556 = INTEGER: 2
iso.3.6.1.2.1.25.4.2.1.6.558 = INTEGER: 2
iso.3.6.1.2.1.25.4.2.1.6.559 = INTEGER: 2
iso.3.6.1.2.1.25.4.2.1.6.561 = INTEGER: 2
iso.3.6.1.2.1.25.4.2.1.6.562 = INTEGER: 2
iso.3.6.1.2.1.25.4.2.1.6.563 = INTEGER: 2
iso.3.6.1.2.1.25.4.2.1.6.564 = INTEGER: 2
iso.3.6.1.2.1.25.4.2.1.6.565 = INTEGER: 2
iso.3.6.1.2.1.25.4.2.1.6.566 = INTEGER: 2
iso.3.6.1.2.1.25.4.2.1.6.567 = INTEGER: 2
iso.3.6.1.2.1.25.4.2.1.6.568 = INTEGER: 2
iso.3.6.1.2.1.25.4.2.1.6.569 = INTEGER: 2
iso.3.6.1.2.1.25.4.2.1.6.570 = INTEGER: 2
iso.3.6.1.2.1.25.4.2.1.6.571 = INTEGER: 2
iso.3.6.1.2.1.25.4.2.1.6.572 = INTEGER: 2
iso.3.6.1.2.1.25.4.2.1.6.573 = INTEGER: 2
iso.3.6.1.2.1.25.4.2.1.6.574 = INTEGER: 2
iso.3.6.1.2.1.25.4.2.1.6.575 = INTEGER: 2
iso.3.6.1.2.1.25.4.2.1.6.576 = INTEGER: 2
iso.3.6.1.2.1.25.4.2.1.6.577 = INTEGER: 2
iso.3.6.1.2.1.25.4.2.1.6.578 = INTEGER: 2
iso.3.6.1.2.1.25.4.2.1.6.579 = INTEGER: 2
iso.3.6.1.2.1.25.4.2.1.6.580 = INTEGER: 2
iso.3.6.1.2.1.25.4.2.1.6.581 = INTEGER: 2
iso.3.6.1.2.1.25.4.2.1.6.592 = INTEGER: 2
iso.3.6.1.2.1.25.4.2.1.6.596 = INTEGER: 2
iso.3.6.1.2.1.25.4.2.1.6.605 = INTEGER: 2
iso.3.6.1.2.1.25.4.2.1.6.606 = INTEGER: 2
iso.3.6.1.2.1.25.4.2.1.6.608 = INTEGER: 2
iso.3.6.1.2.1.25.4.2.1.6.610 = INTEGER: 2
iso.3.6.1.2.1.25.4.2.1.6.612 = INTEGER: 2
iso.3.6.1.2.1.25.4.2.1.6.614 = INTEGER: 2
iso.3.6.1.2.1.25.4.2.1.6.615 = INTEGER: 2
iso.3.6.1.2.1.25.4.2.1.6.617 = INTEGER: 2
iso.3.6.1.2.1.25.4.2.1.6.619 = INTEGER: 2
iso.3.6.1.2.1.25.4.2.1.6.620 = INTEGER: 2
iso.3.6.1.2.1.25.4.2.1.6.626 = INTEGER: 2
iso.3.6.1.2.1.25.4.2.1.6.627 = INTEGER: 2
iso.3.6.1.2.1.25.4.2.1.6.682 = INTEGER: 2
iso.3.6.1.2.1.25.4.2.1.6.691 = INTEGER: 2
iso.3.6.1.2.1.25.4.2.1.6.716 = INTEGER: 2
iso.3.6.1.2.1.25.4.2.1.6.717 = INTEGER: 2
iso.3.6.1.2.1.25.4.2.1.6.718 = INTEGER: 2
iso.3.6.1.2.1.25.4.2.1.6.719 = INTEGER: 2
iso.3.6.1.2.1.25.4.2.1.6.720 = INTEGER: 2
iso.3.6.1.2.1.25.4.2.1.6.721 = INTEGER: 2
iso.3.6.1.2.1.25.4.2.1.6.722 = INTEGER: 2
iso.3.6.1.2.1.25.4.2.1.6.723 = INTEGER: 2
iso.3.6.1.2.1.25.4.2.1.6.724 = INTEGER: 2
iso.3.6.1.2.1.25.4.2.1.6.820 = INTEGER: 4
iso.3.6.1.2.1.25.4.2.1.6.854 = INTEGER: 4
iso.3.6.1.2.1.25.4.2.1.6.924 = INTEGER: 2
iso.3.6.1.2.1.25.4.2.1.6.941 = INTEGER: 2
iso.3.6.1.2.1.25.4.2.1.6.942 = INTEGER: 2
iso.3.6.1.2.1.25.4.2.1.6.943 = INTEGER: 2
iso.3.6.1.2.1.25.4.2.1.6.944 = INTEGER: 2
iso.3.6.1.2.1.25.4.2.1.6.945 = INTEGER: 2
iso.3.6.1.2.1.25.4.2.1.6.946 = INTEGER: 2
iso.3.6.1.2.1.25.4.2.1.6.947 = INTEGER: 2
iso.3.6.1.2.1.25.4.2.1.6.948 = INTEGER: 2
iso.3.6.1.2.1.25.4.2.1.6.949 = INTEGER: 2
iso.3.6.1.2.1.25.4.2.1.6.973 = INTEGER: 4
iso.3.6.1.2.1.25.4.2.1.6.975 = INTEGER: 4
iso.3.6.1.2.1.25.4.2.1.6.1008 = INTEGER: 4
iso.3.6.1.2.1.25.4.2.1.6.1009 = INTEGER: 4
iso.3.6.1.2.1.25.4.2.1.6.1010 = INTEGER: 4
iso.3.6.1.2.1.25.4.2.1.6.1011 = INTEGER: 4
iso.3.6.1.2.1.25.4.2.1.6.1012 = INTEGER: 4
iso.3.6.1.2.1.25.4.2.1.6.1016 = INTEGER: 4
iso.3.6.1.2.1.25.4.2.1.6.1019 = INTEGER: 4
iso.3.6.1.2.1.25.4.2.1.6.1023 = INTEGER: 4
iso.3.6.1.2.1.25.4.2.1.6.1046 = INTEGER: 4
iso.3.6.1.2.1.25.4.2.1.6.1047 = INTEGER: 4
iso.3.6.1.2.1.25.4.2.1.6.1084 = INTEGER: 4
iso.3.6.1.2.1.25.4.2.1.6.1085 = INTEGER: 4
iso.3.6.1.2.1.25.4.2.1.6.1086 = INTEGER: 4
iso.3.6.1.2.1.25.4.2.1.6.1097 = INTEGER: 4
iso.3.6.1.2.1.25.4.2.1.6.1098 = INTEGER: 4
iso.3.6.1.2.1.25.4.2.1.6.1116 = INTEGER: 4
iso.3.6.1.2.1.25.4.2.1.6.1131 = INTEGER: 4
iso.3.6.1.2.1.25.4.2.1.6.1193 = INTEGER: 4
iso.3.6.1.2.1.25.4.2.1.6.1210 = INTEGER: 4
iso.3.6.1.2.1.25.4.2.1.6.1211 = INTEGER: 4
iso.3.6.1.2.1.25.4.2.1.6.1212 = INTEGER: 4
iso.3.6.1.2.1.25.4.2.1.6.1479 = INTEGER: 4
iso.3.6.1.2.1.25.4.2.1.6.1480 = INTEGER: 4
iso.3.6.1.2.1.25.4.2.1.6.5171 = INTEGER: 4
iso.3.6.1.2.1.25.4.2.1.6.5207 = INTEGER: 4
iso.3.6.1.2.1.25.4.2.1.6.21935 = INTEGER: 2
iso.3.6.1.2.1.25.4.2.1.6.22048 = INTEGER: 2
iso.3.6.1.2.1.25.4.2.1.6.22481 = INTEGER: 2
iso.3.6.1.2.1.25.4.2.1.6.22560 = INTEGER: 2
iso.3.6.1.2.1.25.4.2.1.6.22607 = INTEGER: 2
iso.3.6.1.2.1.25.4.2.1.6.22608 = INTEGER: 2
iso.3.6.1.2.1.25.4.2.1.6.22660 = INTEGER: 2
iso.3.6.1.2.1.25.4.2.1.6.22771 = INTEGER: 2
iso.3.6.1.2.1.25.4.2.1.6.22820 = INTEGER: 2
iso.3.6.1.2.1.25.4.2.1.6.22849 = INTEGER: 4
iso.3.6.1.2.1.25.4.2.1.6.22850 = INTEGER: 4
iso.3.6.1.2.1.25.4.2.1.6.22851 = INTEGER: 4
iso.3.6.1.2.1.25.4.2.1.6.22852 = INTEGER: 4
iso.3.6.1.2.1.25.4.2.1.6.22853 = INTEGER: 4
iso.3.6.1.2.1.25.4.2.1.6.22854 = INTEGER: 4
iso.3.6.1.2.1.25.4.2.1.6.22864 = INTEGER: 2
iso.3.6.1.2.1.25.4.2.1.7.1 = INTEGER: 2
iso.3.6.1.2.1.25.4.2.1.7.2 = INTEGER: 2
iso.3.6.1.2.1.25.4.2.1.7.3 = INTEGER: 4
iso.3.6.1.2.1.25.4.2.1.7.4 = INTEGER: 4
iso.3.6.1.2.1.25.4.2.1.7.6 = INTEGER: 4
iso.3.6.1.2.1.25.4.2.1.7.9 = INTEGER: 4
iso.3.6.1.2.1.25.4.2.1.7.10 = INTEGER: 2
iso.3.6.1.2.1.25.4.2.1.7.11 = INTEGER: 1
iso.3.6.1.2.1.25.4.2.1.7.12 = INTEGER: 2
iso.3.6.1.2.1.25.4.2.1.7.13 = INTEGER: 2
iso.3.6.1.2.1.25.4.2.1.7.14 = INTEGER: 2
iso.3.6.1.2.1.25.4.2.1.7.15 = INTEGER: 2
iso.3.6.1.2.1.25.4.2.1.7.16 = INTEGER: 2
iso.3.6.1.2.1.25.4.2.1.7.17 = INTEGER: 2
iso.3.6.1.2.1.25.4.2.1.7.18 = INTEGER: 2
iso.3.6.1.2.1.25.4.2.1.7.20 = INTEGER: 4
iso.3.6.1.2.1.25.4.2.1.7.23 = INTEGER: 2
iso.3.6.1.2.1.25.4.2.1.7.24 = INTEGER: 4
iso.3.6.1.2.1.25.4.2.1.7.25 = INTEGER: 2
iso.3.6.1.2.1.25.4.2.1.7.26 = INTEGER: 2
iso.3.6.1.2.1.25.4.2.1.7.27 = INTEGER: 2
iso.3.6.1.2.1.25.4.2.1.7.28 = INTEGER: 4
iso.3.6.1.2.1.25.4.2.1.7.29 = INTEGER: 2
iso.3.6.1.2.1.25.4.2.1.7.30 = INTEGER: 2
iso.3.6.1.2.1.25.4.2.1.7.31 = INTEGER: 2
iso.3.6.1.2.1.25.4.2.1.7.32 = INTEGER: 4
iso.3.6.1.2.1.25.4.2.1.7.33 = INTEGER: 4
iso.3.6.1.2.1.25.4.2.1.7.34 = INTEGER: 4
iso.3.6.1.2.1.25.4.2.1.7.35 = INTEGER: 4
iso.3.6.1.2.1.25.4.2.1.7.36 = INTEGER: 4
iso.3.6.1.2.1.25.4.2.1.7.37 = INTEGER: 4
iso.3.6.1.2.1.25.4.2.1.7.38 = INTEGER: 4
iso.3.6.1.2.1.25.4.2.1.7.39 = INTEGER: 2
iso.3.6.1.2.1.25.4.2.1.7.40 = INTEGER: 4
iso.3.6.1.2.1.25.4.2.1.7.61 = INTEGER: 2
iso.3.6.1.2.1.25.4.2.1.7.155 = INTEGER: 4
iso.3.6.1.2.1.25.4.2.1.7.156 = INTEGER: 2
iso.3.6.1.2.1.25.4.2.1.7.157 = INTEGER: 2
iso.3.6.1.2.1.25.4.2.1.7.158 = INTEGER: 2
iso.3.6.1.2.1.25.4.2.1.7.159 = INTEGER: 2
iso.3.6.1.2.1.25.4.2.1.7.160 = INTEGER: 2
iso.3.6.1.2.1.25.4.2.1.7.161 = INTEGER: 2
iso.3.6.1.2.1.25.4.2.1.7.162 = INTEGER: 2
iso.3.6.1.2.1.25.4.2.1.7.163 = INTEGER: 2
iso.3.6.1.2.1.25.4.2.1.7.164 = INTEGER: 2
iso.3.6.1.2.1.25.4.2.1.7.165 = INTEGER: 2
iso.3.6.1.2.1.25.4.2.1.7.166 = INTEGER: 2
iso.3.6.1.2.1.25.4.2.1.7.167 = INTEGER: 2
iso.3.6.1.2.1.25.4.2.1.7.168 = INTEGER: 2
iso.3.6.1.2.1.25.4.2.1.7.169 = INTEGER: 2
iso.3.6.1.2.1.25.4.2.1.7.170 = INTEGER: 2
iso.3.6.1.2.1.25.4.2.1.7.171 = INTEGER: 2
iso.3.6.1.2.1.25.4.2.1.7.172 = INTEGER: 2
iso.3.6.1.2.1.25.4.2.1.7.173 = INTEGER: 2
iso.3.6.1.2.1.25.4.2.1.7.174 = INTEGER: 2
iso.3.6.1.2.1.25.4.2.1.7.175 = INTEGER: 2
iso.3.6.1.2.1.25.4.2.1.7.176 = INTEGER: 2
iso.3.6.1.2.1.25.4.2.1.7.177 = INTEGER: 2
iso.3.6.1.2.1.25.4.2.1.7.178 = INTEGER: 2
iso.3.6.1.2.1.25.4.2.1.7.179 = INTEGER: 2
iso.3.6.1.2.1.25.4.2.1.7.180 = INTEGER: 2
iso.3.6.1.2.1.25.4.2.1.7.181 = INTEGER: 2
iso.3.6.1.2.1.25.4.2.1.7.182 = INTEGER: 2
iso.3.6.1.2.1.25.4.2.1.7.183 = INTEGER: 2
iso.3.6.1.2.1.25.4.2.1.7.184 = INTEGER: 2
iso.3.6.1.2.1.25.4.2.1.7.185 = INTEGER: 2
iso.3.6.1.2.1.25.4.2.1.7.186 = INTEGER: 2
iso.3.6.1.2.1.25.4.2.1.7.187 = INTEGER: 2
iso.3.6.1.2.1.25.4.2.1.7.188 = INTEGER: 4
iso.3.6.1.2.1.25.4.2.1.7.189 = INTEGER: 4
iso.3.6.1.2.1.25.4.2.1.7.190 = INTEGER: 4
iso.3.6.1.2.1.25.4.2.1.7.192 = INTEGER: 4
iso.3.6.1.2.1.25.4.2.1.7.193 = INTEGER: 4
iso.3.6.1.2.1.25.4.2.1.7.194 = INTEGER: 4
iso.3.6.1.2.1.25.4.2.1.7.508 = INTEGER: 4
iso.3.6.1.2.1.25.4.2.1.7.509 = INTEGER: 2
iso.3.6.1.2.1.25.4.2.1.7.510 = INTEGER: 4
iso.3.6.1.2.1.25.4.2.1.7.511 = INTEGER: 2
iso.3.6.1.2.1.25.4.2.1.7.512 = INTEGER: 4
iso.3.6.1.2.1.25.4.2.1.7.516 = INTEGER: 2
iso.3.6.1.2.1.25.4.2.1.7.517 = INTEGER: 4
iso.3.6.1.2.1.25.4.2.1.7.518 = INTEGER: 2
iso.3.6.1.2.1.25.4.2.1.7.519 = INTEGER: 4
iso.3.6.1.2.1.25.4.2.1.7.520 = INTEGER: 2
iso.3.6.1.2.1.25.4.2.1.7.521 = INTEGER: 4
iso.3.6.1.2.1.25.4.2.1.7.522 = INTEGER: 2
iso.3.6.1.2.1.25.4.2.1.7.523 = INTEGER: 4
iso.3.6.1.2.1.25.4.2.1.7.524 = INTEGER: 2
iso.3.6.1.2.1.25.4.2.1.7.525 = INTEGER: 4
iso.3.6.1.2.1.25.4.2.1.7.526 = INTEGER: 2
iso.3.6.1.2.1.25.4.2.1.7.527 = INTEGER: 4
iso.3.6.1.2.1.25.4.2.1.7.528 = INTEGER: 2
iso.3.6.1.2.1.25.4.2.1.7.529 = INTEGER: 4
iso.3.6.1.2.1.25.4.2.1.7.531 = INTEGER: 2
iso.3.6.1.2.1.25.4.2.1.7.532 = INTEGER: 4
iso.3.6.1.2.1.25.4.2.1.7.534 = INTEGER: 2
iso.3.6.1.2.1.25.4.2.1.7.535 = INTEGER: 4
iso.3.6.1.2.1.25.4.2.1.7.536 = INTEGER: 2
iso.3.6.1.2.1.25.4.2.1.7.537 = INTEGER: 4
iso.3.6.1.2.1.25.4.2.1.7.538 = INTEGER: 2
iso.3.6.1.2.1.25.4.2.1.7.539 = INTEGER: 4
iso.3.6.1.2.1.25.4.2.1.7.540 = INTEGER: 2
iso.3.6.1.2.1.25.4.2.1.7.541 = INTEGER: 4
iso.3.6.1.2.1.25.4.2.1.7.542 = INTEGER: 2
iso.3.6.1.2.1.25.4.2.1.7.544 = INTEGER: 4
iso.3.6.1.2.1.25.4.2.1.7.545 = INTEGER: 2
iso.3.6.1.2.1.25.4.2.1.7.547 = INTEGER: 4
iso.3.6.1.2.1.25.4.2.1.7.548 = INTEGER: 2
iso.3.6.1.2.1.25.4.2.1.7.549 = INTEGER: 4
iso.3.6.1.2.1.25.4.2.1.7.550 = INTEGER: 2
iso.3.6.1.2.1.25.4.2.1.7.551 = INTEGER: 4
iso.3.6.1.2.1.25.4.2.1.7.552 = INTEGER: 2
iso.3.6.1.2.1.25.4.2.1.7.553 = INTEGER: 4
iso.3.6.1.2.1.25.4.2.1.7.554 = INTEGER: 2
iso.3.6.1.2.1.25.4.2.1.7.555 = INTEGER: 4
iso.3.6.1.2.1.25.4.2.1.7.556 = INTEGER: 2
iso.3.6.1.2.1.25.4.2.1.7.558 = INTEGER: 4
iso.3.6.1.2.1.25.4.2.1.7.559 = INTEGER: 2
iso.3.6.1.2.1.25.4.2.1.7.561 = INTEGER: 4
iso.3.6.1.2.1.25.4.2.1.7.562 = INTEGER: 2
iso.3.6.1.2.1.25.4.2.1.7.563 = INTEGER: 4
iso.3.6.1.2.1.25.4.2.1.7.564 = INTEGER: 2
iso.3.6.1.2.1.25.4.2.1.7.565 = INTEGER: 4
iso.3.6.1.2.1.25.4.2.1.7.566 = INTEGER: 2
iso.3.6.1.2.1.25.4.2.1.7.567 = INTEGER: 4
iso.3.6.1.2.1.25.4.2.1.7.568 = INTEGER: 2
iso.3.6.1.2.1.25.4.2.1.7.569 = INTEGER: 4
iso.3.6.1.2.1.25.4.2.1.7.570 = INTEGER: 2
iso.3.6.1.2.1.25.4.2.1.7.571 = INTEGER: 4
iso.3.6.1.2.1.25.4.2.1.7.572 = INTEGER: 2
iso.3.6.1.2.1.25.4.2.1.7.573 = INTEGER: 4
iso.3.6.1.2.1.25.4.2.1.7.574 = INTEGER: 2
iso.3.6.1.2.1.25.4.2.1.7.575 = INTEGER: 4
iso.3.6.1.2.1.25.4.2.1.7.576 = INTEGER: 2
iso.3.6.1.2.1.25.4.2.1.7.577 = INTEGER: 4
iso.3.6.1.2.1.25.4.2.1.7.578 = INTEGER: 2
iso.3.6.1.2.1.25.4.2.1.7.579 = INTEGER: 4
iso.3.6.1.2.1.25.4.2.1.7.580 = INTEGER: 2
iso.3.6.1.2.1.25.4.2.1.7.581 = INTEGER: 4
iso.3.6.1.2.1.25.4.2.1.7.592 = INTEGER: 4
iso.3.6.1.2.1.25.4.2.1.7.596 = INTEGER: 4
iso.3.6.1.2.1.25.4.2.1.7.605 = INTEGER: 2
iso.3.6.1.2.1.25.4.2.1.7.606 = INTEGER: 4
iso.3.6.1.2.1.25.4.2.1.7.608 = INTEGER: 2
iso.3.6.1.2.1.25.4.2.1.7.610 = INTEGER: 2
iso.3.6.1.2.1.25.4.2.1.7.612 = INTEGER: 2
iso.3.6.1.2.1.25.4.2.1.7.614 = INTEGER: 2
iso.3.6.1.2.1.25.4.2.1.7.615 = INTEGER: 2
iso.3.6.1.2.1.25.4.2.1.7.617 = INTEGER: 2
iso.3.6.1.2.1.25.4.2.1.7.619 = INTEGER: 2
iso.3.6.1.2.1.25.4.2.1.7.620 = INTEGER: 2
iso.3.6.1.2.1.25.4.2.1.7.626 = INTEGER: 2
iso.3.6.1.2.1.25.4.2.1.7.627 = INTEGER: 4
iso.3.6.1.2.1.25.4.2.1.7.682 = INTEGER: 4
iso.3.6.1.2.1.25.4.2.1.7.691 = INTEGER: 4
iso.3.6.1.2.1.25.4.2.1.7.716 = INTEGER: 4
iso.3.6.1.2.1.25.4.2.1.7.717 = INTEGER: 4
iso.3.6.1.2.1.25.4.2.1.7.718 = INTEGER: 4
iso.3.6.1.2.1.25.4.2.1.7.719 = INTEGER: 4
iso.3.6.1.2.1.25.4.2.1.7.720 = INTEGER: 4
iso.3.6.1.2.1.25.4.2.1.7.721 = INTEGER: 4
iso.3.6.1.2.1.25.4.2.1.7.722 = INTEGER: 4
iso.3.6.1.2.1.25.4.2.1.7.723 = INTEGER: 4
iso.3.6.1.2.1.25.4.2.1.7.724 = INTEGER: 2
iso.3.6.1.2.1.25.4.2.1.7.820 = INTEGER: 2
iso.3.6.1.2.1.25.4.2.1.7.854 = INTEGER: 2
iso.3.6.1.2.1.25.4.2.1.7.924 = INTEGER: 4
iso.3.6.1.2.1.25.4.2.1.7.941 = INTEGER: 4
iso.3.6.1.2.1.25.4.2.1.7.942 = INTEGER: 4
iso.3.6.1.2.1.25.4.2.1.7.943 = INTEGER: 4
iso.3.6.1.2.1.25.4.2.1.7.944 = INTEGER: 4
iso.3.6.1.2.1.25.4.2.1.7.945 = INTEGER: 4
iso.3.6.1.2.1.25.4.2.1.7.946 = INTEGER: 4
iso.3.6.1.2.1.25.4.2.1.7.947 = INTEGER: 2
iso.3.6.1.2.1.25.4.2.1.7.948 = INTEGER: 2
iso.3.6.1.2.1.25.4.2.1.7.949 = INTEGER: 4
iso.3.6.1.2.1.25.4.2.1.7.973 = INTEGER: 2
iso.3.6.1.2.1.25.4.2.1.7.975 = INTEGER: 2
iso.3.6.1.2.1.25.4.2.1.7.1008 = INTEGER: 2
iso.3.6.1.2.1.25.4.2.1.7.1009 = INTEGER: 2
iso.3.6.1.2.1.25.4.2.1.7.1010 = INTEGER: 2
iso.3.6.1.2.1.25.4.2.1.7.1011 = INTEGER: 2
iso.3.6.1.2.1.25.4.2.1.7.1012 = INTEGER: 2
iso.3.6.1.2.1.25.4.2.1.7.1016 = INTEGER: 2
iso.3.6.1.2.1.25.4.2.1.7.1019 = INTEGER: 2
iso.3.6.1.2.1.25.4.2.1.7.1023 = INTEGER: 2
iso.3.6.1.2.1.25.4.2.1.7.1046 = INTEGER: 2
iso.3.6.1.2.1.25.4.2.1.7.1047 = INTEGER: 2
iso.3.6.1.2.1.25.4.2.1.7.1084 = INTEGER: 2
iso.3.6.1.2.1.25.4.2.1.7.1085 = INTEGER: 2
iso.3.6.1.2.1.25.4.2.1.7.1086 = INTEGER: 2
iso.3.6.1.2.1.25.4.2.1.7.1097 = INTEGER: 2
iso.3.6.1.2.1.25.4.2.1.7.1098 = INTEGER: 2
iso.3.6.1.2.1.25.4.2.1.7.1116 = INTEGER: 2
iso.3.6.1.2.1.25.4.2.1.7.1131 = INTEGER: 2
iso.3.6.1.2.1.25.4.2.1.7.1193 = INTEGER: 2
iso.3.6.1.2.1.25.4.2.1.7.1210 = INTEGER: 2
iso.3.6.1.2.1.25.4.2.1.7.1211 = INTEGER: 2
iso.3.6.1.2.1.25.4.2.1.7.1212 = INTEGER: 2
iso.3.6.1.2.1.25.4.2.1.7.1479 = INTEGER: 1
iso.3.6.1.2.1.25.4.2.1.7.1480 = INTEGER: 2
iso.3.6.1.2.1.25.4.2.1.7.5171 = INTEGER: 2
iso.3.6.1.2.1.25.4.2.1.7.5207 = INTEGER: 2
iso.3.6.1.2.1.25.4.2.1.7.21935 = INTEGER: 4
iso.3.6.1.2.1.25.4.2.1.7.22048 = INTEGER: 4
iso.3.6.1.2.1.25.4.2.1.7.22481 = INTEGER: 4
iso.3.6.1.2.1.25.4.2.1.7.22560 = INTEGER: 4
iso.3.6.1.2.1.25.4.2.1.7.22607 = INTEGER: 4
iso.3.6.1.2.1.25.4.2.1.7.22608 = INTEGER: 4
iso.3.6.1.2.1.25.4.2.1.7.22660 = INTEGER: 4
iso.3.6.1.2.1.25.4.2.1.7.22771 = INTEGER: 4
iso.3.6.1.2.1.25.4.2.1.7.22820 = INTEGER: 4
iso.3.6.1.2.1.25.4.2.1.7.22849 = INTEGER: 2
iso.3.6.1.2.1.25.4.2.1.7.22850 = INTEGER: 2
iso.3.6.1.2.1.25.4.2.1.7.22851 = INTEGER: 2
iso.3.6.1.2.1.25.4.2.1.7.22852 = INTEGER: 2
iso.3.6.1.2.1.25.4.2.1.7.22853 = INTEGER: 2
iso.3.6.1.2.1.25.4.2.1.7.22854 = INTEGER: 2
iso.3.6.1.2.1.25.4.2.1.7.22864 = INTEGER: 4
